#
# There is insufficient memory for the Java Runtime Environment to continue.
# Native memory allocation (malloc) failed to allocate 645584 bytes. Error detail: Chunk::new
# Possible reasons:
#   The system is out of physical RAM or swap space
#   This process is running with CompressedOops enabled, and the Java Heap may be blocking the growth of the native heap
# Possible solutions:
#   Reduce memory load on the system
#   Increase physical memory or swap space
#   Check if swap backing store is full
#   Decrease Java heap size (-Xmx/-Xms)
#   Decrease number of Java threads
#   Decrease Java thread stack sizes (-Xss)
#   Set larger code cache with -XX:ReservedCodeCacheSize=
#   JVM is running with Unscaled Compressed Oops mode in which the Java heap is
#     placed in the first 4GB address space. The Java Heap base address is the
#     maximum limit for the native heap growth. Please use -XX:HeapBaseMinAddress
#     to set the Java Heap base and to place the Java Heap above 4GB virtual address.
# This output file may be truncated or incomplete.
#
#  Out of Memory Error (arena.cpp:168), pid=15488, tid=12708
#
# JRE version: OpenJDK Runtime Environment (21.0.3) (build 21.0.3+-12282718-b509.11)
# Java VM: OpenJDK 64-Bit Server VM (21.0.3+-12282718-b509.11, mixed mode, tiered, compressed oops, compressed class ptrs, g1 gc, windows-amd64)
# No core dump will be written. Minidumps are not enabled by default on client versions of Windows
#

---------------  S U M M A R Y ------------

Command Line: --add-opens=java.base/java.util=ALL-UNNAMED --add-opens=java.base/java.lang=ALL-UNNAMED --add-opens=java.base/java.lang.invoke=ALL-UNNAMED --add-opens=java.prefs/java.util.prefs=ALL-UNNAMED --add-exports=jdk.compiler/com.sun.tools.javac.api=ALL-UNNAMED --add-exports=jdk.compiler/com.sun.tools.javac.util=ALL-UNNAMED --add-opens=java.base/java.nio.charset=ALL-UNNAMED --add-opens=java.base/java.net=ALL-UNNAMED --add-opens=java.base/java.util.concurrent.atomic=ALL-UNNAMED -Xmx2048m -Dfile.encoding=UTF-8 -Duser.country=RU -Duser.language=ru -Duser.variant -javaagent:C:\Users\ThinkPad T470\.gradle\wrapper\dists\gradle-8.9-bin\90cnw93cvbtalezasaz0blq0a\gradle-8.9\lib\agents\gradle-instrumentation-agent-8.9.jar org.gradle.launcher.daemon.bootstrap.GradleDaemon 8.9

Host: Intel(R) Core(TM) i5-6300U CPU @ 2.40GHz, 4 cores, 15G,  Windows 11 , 64 bit Build 22000 (10.0.22000.675)
Time: Sun Mar  2 14:06:08 2025  Windows 11 , 64 bit Build 22000 (10.0.22000.675) elapsed time: 247.736560 seconds (0d 0h 4m 7s)

---------------  T H R E A D  ---------------

Current thread (0x0000022c3e0aa680):  JavaThread "C2 CompilerThread0" daemon [_thread_in_native, id=12708, stack(0x000000ca08600000,0x000000ca08700000) (1024K)]


Current CompileTask:
C2: 247736 21704       4       jdk.internal.reflect.Reflection::verifyMemberAccess (200 bytes)

Stack: [0x000000ca08600000,0x000000ca08700000]
Native frames: (J=compiled Java code, j=interpreted, Vv=VM code, C=native code)
V  [jvm.dll+0x6cafb9]
V  [jvm.dll+0x858523]
V  [jvm.dll+0x85aa7e]
V  [jvm.dll+0x85b163]
V  [jvm.dll+0x27d356]
V  [jvm.dll+0xbf93d]
V  [jvm.dll+0xbfe73]
V  [jvm.dll+0x3b1ceb]
V  [jvm.dll+0x37e787]
V  [jvm.dll+0x37dbfa]
V  [jvm.dll+0x246b02]
V  [jvm.dll+0x2460d1]
V  [jvm.dll+0x1c5804]
V  [jvm.dll+0x25575c]
V  [jvm.dll+0x253c36]
V  [jvm.dll+0x3ec996]
V  [jvm.dll+0x800d78]
V  [jvm.dll+0x6c98cd]
C  [ucrtbase.dll+0x26c0c]
C  [KERNEL32.DLL+0x154e0]
C  [ntdll.dll+0x485b]


---------------  P R O C E S S  ---------------

Threads class SMR info:
_java_thread_list=0x0000022c413472f0, length=75, elements={
0x0000022c20c03840, 0x0000022c3e0c3460, 0x0000022c3e0c6a70, 0x0000022c3e0d07a0,
0x0000022c3e0d1200, 0x0000022c3e0a4b70, 0x0000022c3e0a9150, 0x0000022c3e0aa680,
0x0000022c3e0ab9f0, 0x0000022c3e20fa30, 0x0000022c3e424ce0, 0x0000022c3fc730d0,
0x0000022c3fde5430, 0x0000022c3ff0d700, 0x0000022c40193c20, 0x0000022c40194940,
0x0000022c40193590, 0x0000022c42a3c9b0, 0x0000022c42a3c320, 0x0000022c42a3d6d0,
0x0000022c41a6bf90, 0x0000022c44fb4060, 0x0000022c3f55b130, 0x0000022c426ce040,
0x0000022c45230ac0, 0x0000022c45231150, 0x0000022c4b71b040, 0x0000022c4b71de30,
0x0000022c4b71b6d0, 0x0000022c4b71ca80, 0x0000022c4b719600, 0x0000022c4b71d7a0,
0x0000022c4b71e4c0, 0x0000022c4b71bd60, 0x0000022c4b71eb50, 0x0000022c4b71f870,
0x0000022c4b71ff00, 0x0000022c4b719c90, 0x0000022c4b71c3f0, 0x0000022c4b71d110,
0x0000022c411ad390, 0x0000022c411ab950, 0x0000022c411aa5a0, 0x0000022c411ac670,
0x0000022c411ab2c0, 0x0000022c411ae0b0, 0x0000022c411a7e40, 0x0000022c411a8b60,
0x0000022c411acd00, 0x0000022c411a7120, 0x0000022c411a91f0, 0x0000022c411a9880,
0x0000022c43750b20, 0x0000022c4374fe00, 0x0000022c43757420, 0x0000022c437511b0,
0x0000022c43753280, 0x0000022c43751840, 0x0000022c43751ed0, 0x0000022c43756070,
0x0000022c3f561a30, 0x0000022c426cb8e0, 0x0000022c426c9ea0, 0x0000022c426c8af0,
0x0000022c426c9180, 0x0000022c426cb250, 0x0000022c426cd9b0, 0x0000022c41a663b0,
0x0000022c41a66a40, 0x0000022c41a69830, 0x0000022c41a69ec0, 0x0000022c453bfc00,
0x0000022c453c78b0, 0x0000022c453c2360, 0x0000022c457eb3d0
}

Java Threads: ( => current thread )
  0x0000022c20c03840 JavaThread "main"                              [_thread_blocked, id=16636, stack(0x000000ca07800000,0x000000ca07900000) (1024K)]
  0x0000022c3e0c3460 JavaThread "Reference Handler"          daemon [_thread_blocked, id=11532, stack(0x000000ca08000000,0x000000ca08100000) (1024K)]
  0x0000022c3e0c6a70 JavaThread "Finalizer"                  daemon [_thread_blocked, id=16436, stack(0x000000ca08100000,0x000000ca08200000) (1024K)]
  0x0000022c3e0d07a0 JavaThread "Signal Dispatcher"          daemon [_thread_blocked, id=10032, stack(0x000000ca08200000,0x000000ca08300000) (1024K)]
  0x0000022c3e0d1200 JavaThread "Attach Listener"            daemon [_thread_blocked, id=2480, stack(0x000000ca08300000,0x000000ca08400000) (1024K)]
  0x0000022c3e0a4b70 JavaThread "Service Thread"             daemon [_thread_blocked, id=15036, stack(0x000000ca08400000,0x000000ca08500000) (1024K)]
  0x0000022c3e0a9150 JavaThread "Monitor Deflation Thread"   daemon [_thread_blocked, id=17264, stack(0x000000ca08500000,0x000000ca08600000) (1024K)]
=>0x0000022c3e0aa680 JavaThread "C2 CompilerThread0"         daemon [_thread_in_native, id=12708, stack(0x000000ca08600000,0x000000ca08700000) (1024K)]
  0x0000022c3e0ab9f0 JavaThread "C1 CompilerThread0"         daemon [_thread_blocked, id=16204, stack(0x000000ca08700000,0x000000ca08800000) (1024K)]
  0x0000022c3e20fa30 JavaThread "Common-Cleaner"             daemon [_thread_blocked, id=12768, stack(0x000000ca08800000,0x000000ca08900000) (1024K)]
  0x0000022c3e424ce0 JavaThread "Notification Thread"        daemon [_thread_blocked, id=9148, stack(0x000000ca08900000,0x000000ca08a00000) (1024K)]
  0x0000022c3fc730d0 JavaThread "Daemon health stats"               [_thread_blocked, id=16368, stack(0x000000ca08e00000,0x000000ca08f00000) (1024K)]
  0x0000022c3fde5430 JavaThread "Incoming local TCP Connector on port 50724"        [_thread_in_native, id=1516, stack(0x000000ca08f00000,0x000000ca09000000) (1024K)]
  0x0000022c3ff0d700 JavaThread "Daemon periodic checks"            [_thread_blocked, id=7504, stack(0x000000ca09000000,0x000000ca09100000) (1024K)]
  0x0000022c40193c20 JavaThread "Cache worker for journal cache (C:\Users\ThinkPad T470\.gradle\caches\journal-1)"        [_thread_blocked, id=8636, stack(0x000000ca09800000,0x000000ca09900000) (1024K)]
  0x0000022c40194940 JavaThread "File lock request listener"        [_thread_in_native, id=2348, stack(0x000000ca09900000,0x000000ca09a00000) (1024K)]
  0x0000022c40193590 JavaThread "Cache worker for file hash cache (C:\Users\ThinkPad T470\.gradle\caches\8.9\fileHashes)"        [_thread_blocked, id=1720, stack(0x000000ca09a00000,0x000000ca09b00000) (1024K)]
  0x0000022c42a3c9b0 JavaThread "File watcher server"        daemon [_thread_in_native, id=13256, stack(0x000000ca09d00000,0x000000ca09e00000) (1024K)]
  0x0000022c42a3c320 JavaThread "File watcher consumer"      daemon [_thread_blocked, id=16640, stack(0x000000ca09e00000,0x000000ca09f00000) (1024K)]
  0x0000022c42a3d6d0 JavaThread "Cache worker for file content cache (C:\Users\ThinkPad T470\.gradle\caches\8.9\fileContent)"        [_thread_blocked, id=788, stack(0x000000ca0a000000,0x000000ca0a100000) (1024K)]
  0x0000022c41a6bf90 JavaThread "Memory manager"                    [_thread_blocked, id=16712, stack(0x000000ca0ac00000,0x000000ca0ad00000) (1024K)]
  0x0000022c44fb4060 JavaThread "pool-3-thread-1"                   [_thread_blocked, id=2252, stack(0x000000ca0af00000,0x000000ca0b000000) (1024K)]
  0x0000022c3f55b130 JavaThread "RMI Scheduler(0)"           daemon [_thread_blocked, id=1128, stack(0x000000ca0ad00000,0x000000ca0ae00000) (1024K)]
  0x0000022c426ce040 JavaThread "RMI GC Daemon"              daemon [_thread_blocked, id=9864, stack(0x000000ca0d700000,0x000000ca0d800000) (1024K)]
  0x0000022c45230ac0 JavaThread "RMI TCP Accept-0"           daemon [_thread_in_native, id=16968, stack(0x000000ca0d800000,0x000000ca0d900000) (1024K)]
  0x0000022c45231150 JavaThread "RMI Reaper"                        [_thread_blocked, id=15832, stack(0x000000ca0d900000,0x000000ca0da00000) (1024K)]
  0x0000022c4b71b040 JavaThread "Daemon Thread 2"                   [_thread_blocked, id=16080, stack(0x000000ca07500000,0x000000ca07600000) (1024K)]
  0x0000022c4b71de30 JavaThread "Handler for socket connection from /127.0.0.1:50724 to /127.0.0.1:51282"        [_thread_in_native, id=15916, stack(0x000000ca07600000,0x000000ca07700000) (1024K)]
  0x0000022c4b71b6d0 JavaThread "Cancel handler"                    [_thread_blocked, id=9544, stack(0x000000ca07700000,0x000000ca07800000) (1024K)]
  0x0000022c4b71ca80 JavaThread "Daemon worker Thread 2"            [_thread_in_Java, id=14676, stack(0x000000ca08d00000,0x000000ca08e00000) (1024K)]
  0x0000022c4b719600 JavaThread "Asynchronous log dispatcher for DefaultDaemonConnection: socket connection from /127.0.0.1:50724 to /127.0.0.1:51282"        [_thread_blocked, id=11052, stack(0x000000ca09100000,0x000000ca09200000) (1024K)]
  0x0000022c4b71d7a0 JavaThread "Stdin handler"                     [_thread_blocked, id=3812, stack(0x000000ca09200000,0x000000ca09300000) (1024K)]
  0x0000022c4b71e4c0 JavaThread "Daemon client event forwarder"        [_thread_blocked, id=12120, stack(0x000000ca09300000,0x000000ca09400000) (1024K)]
  0x0000022c4b71bd60 JavaThread "Cache worker for file hash cache (D:\SVZ\.gradle\8.9\fileHashes)"        [_thread_blocked, id=5876, stack(0x000000ca09400000,0x000000ca09500000) (1024K)]
  0x0000022c4b71eb50 JavaThread "Cache worker for Build Output Cleanup Cache (D:\SVZ\.gradle\buildOutputCleanup)"        [_thread_blocked, id=2380, stack(0x000000ca09500000,0x000000ca09600000) (1024K)]
  0x0000022c4b71f870 JavaThread "Cache worker for checksums cache (D:\SVZ\.gradle\8.9\checksums)"        [_thread_blocked, id=2816, stack(0x000000ca09600000,0x000000ca09700000) (1024K)]
  0x0000022c4b71ff00 JavaThread "Cache worker for cache directory md-rule (C:\Users\ThinkPad T470\.gradle\caches\8.9\md-rule)"        [_thread_blocked, id=16036, stack(0x000000ca09700000,0x000000ca09800000) (1024K)]
  0x0000022c4b719c90 JavaThread "Cache worker for cache directory md-supplier (C:\Users\ThinkPad T470\.gradle\caches\8.9\md-supplier)"        [_thread_blocked, id=9344, stack(0x000000ca09b00000,0x000000ca09c00000) (1024K)]
  0x0000022c4b71c3f0 JavaThread "Unconstrained build operations"        [_thread_blocked, id=14756, stack(0x000000ca09f00000,0x000000ca0a000000) (1024K)]
  0x0000022c4b71d110 JavaThread "Unconstrained build operations Thread 2"        [_thread_blocked, id=5532, stack(0x000000ca0a100000,0x000000ca0a200000) (1024K)]
  0x0000022c411ad390 JavaThread "Unconstrained build operations Thread 3"        [_thread_blocked, id=11984, stack(0x000000ca0a200000,0x000000ca0a300000) (1024K)]
  0x0000022c411ab950 JavaThread "Unconstrained build operations Thread 4"        [_thread_blocked, id=7028, stack(0x000000ca0a300000,0x000000ca0a400000) (1024K)]
  0x0000022c411aa5a0 JavaThread "Unconstrained build operations Thread 5"        [_thread_blocked, id=11304, stack(0x000000ca0a400000,0x000000ca0a500000) (1024K)]
  0x0000022c411ac670 JavaThread "Unconstrained build operations Thread 6"        [_thread_blocked, id=12820, stack(0x000000ca0a500000,0x000000ca0a600000) (1024K)]
  0x0000022c411ab2c0 JavaThread "pool-6-thread-1"                   [_thread_blocked, id=15532, stack(0x000000ca0a800000,0x000000ca0a900000) (1024K)]
  0x0000022c411ae0b0 JavaThread "included builds"                   [_thread_blocked, id=1956, stack(0x000000ca0aa00000,0x000000ca0ab00000) (1024K)]
  0x0000022c411a7e40 JavaThread "Execution worker"                  [_thread_blocked, id=7524, stack(0x000000ca0ab00000,0x000000ca0ac00000) (1024K)]
  0x0000022c411a8b60 JavaThread "Execution worker Thread 2"         [_thread_blocked, id=10152, stack(0x000000ca0ae00000,0x000000ca0af00000) (1024K)]
  0x0000022c411acd00 JavaThread "Execution worker Thread 3"         [_thread_blocked, id=13860, stack(0x000000ca0b000000,0x000000ca0b100000) (1024K)]
  0x0000022c411a7120 JavaThread "Cache worker for execution history cache (D:\SVZ\.gradle\8.9\executionHistory)"        [_thread_blocked, id=13632, stack(0x000000ca0b100000,0x000000ca0b200000) (1024K)]
  0x0000022c411a91f0 JavaThread "Unconstrained build operations Thread 7"        [_thread_blocked, id=5960, stack(0x000000ca0b200000,0x000000ca0b300000) (1024K)]
  0x0000022c411a9880 JavaThread "Unconstrained build operations Thread 8"        [_thread_blocked, id=17228, stack(0x000000ca0b300000,0x000000ca0b400000) (1024K)]
  0x0000022c43750b20 JavaThread "Unconstrained build operations Thread 9"        [_thread_blocked, id=16744, stack(0x000000ca0b400000,0x000000ca0b500000) (1024K)]
  0x0000022c4374fe00 JavaThread "Unconstrained build operations Thread 10"        [_thread_blocked, id=7824, stack(0x000000ca0b500000,0x000000ca0b600000) (1024K)]
  0x0000022c43757420 JavaThread "Unconstrained build operations Thread 11"        [_thread_blocked, id=17332, stack(0x000000ca0b600000,0x000000ca0b700000) (1024K)]
  0x0000022c437511b0 JavaThread "Unconstrained build operations Thread 12"        [_thread_blocked, id=14412, stack(0x000000ca0b700000,0x000000ca0b800000) (1024K)]
  0x0000022c43753280 JavaThread "Unconstrained build operations Thread 13"        [_thread_blocked, id=3188, stack(0x000000ca0b800000,0x000000ca0b900000) (1024K)]
  0x0000022c43751840 JavaThread "Unconstrained build operations Thread 14"        [_thread_blocked, id=17216, stack(0x000000ca0b900000,0x000000ca0ba00000) (1024K)]
  0x0000022c43751ed0 JavaThread "Unconstrained build operations Thread 15"        [_thread_blocked, id=15236, stack(0x000000ca0ba00000,0x000000ca0bb00000) (1024K)]
  0x0000022c43756070 JavaThread "Unconstrained build operations Thread 16"        [_thread_blocked, id=15060, stack(0x000000ca0bb00000,0x000000ca0bc00000) (1024K)]
  0x0000022c3f561a30 JavaThread "Unconstrained build operations Thread 17"        [_thread_blocked, id=10688, stack(0x000000ca0bc00000,0x000000ca0bd00000) (1024K)]
  0x0000022c426cb8e0 JavaThread "Unconstrained build operations Thread 18"        [_thread_blocked, id=5444, stack(0x000000ca0bd00000,0x000000ca0be00000) (1024K)]
  0x0000022c426c9ea0 JavaThread "Unconstrained build operations Thread 19"        [_thread_blocked, id=14048, stack(0x000000ca0be00000,0x000000ca0bf00000) (1024K)]
  0x0000022c426c8af0 JavaThread "Unconstrained build operations Thread 20"        [_thread_blocked, id=2308, stack(0x000000ca0bf00000,0x000000ca0c000000) (1024K)]
  0x0000022c426c9180 JavaThread "Unconstrained build operations Thread 21"        [_thread_blocked, id=12612, stack(0x000000ca0c000000,0x000000ca0c100000) (1024K)]
  0x0000022c426cb250 JavaThread "WorkerExecutor Queue"              [_thread_blocked, id=12844, stack(0x000000ca0c100000,0x000000ca0c200000) (1024K)]
  0x0000022c426cd9b0 JavaThread "RMI TCP Connection(6)-127.0.0.1" daemon [_thread_in_native, id=640, stack(0x000000ca0c300000,0x000000ca0c400000) (1024K)]
  0x0000022c41a663b0 JavaThread "Unconstrained build operations Thread 22"        [_thread_blocked, id=7960, stack(0x000000ca0c400000,0x000000ca0c500000) (1024K)]
  0x0000022c41a66a40 JavaThread "Unconstrained build operations Thread 23"        [_thread_blocked, id=6304, stack(0x000000ca0c500000,0x000000ca0c600000) (1024K)]
  0x0000022c41a69830 JavaThread "Unconstrained build operations Thread 24"        [_thread_blocked, id=12896, stack(0x000000ca0c600000,0x000000ca0c700000) (1024K)]
  0x0000022c41a69ec0 JavaThread "WorkerExecutor Queue Thread 2"        [_thread_blocked, id=17144, stack(0x000000ca0c700000,0x000000ca0c800000) (1024K)]
  0x0000022c453bfc00 JavaThread "WorkerExecutor Queue Thread 3"        [_thread_blocked, id=15120, stack(0x000000ca0c200000,0x000000ca0c300000) (1024K)]
  0x0000022c453c78b0 JavaThread "RMI RenewClean-[127.0.0.1:17974,org.jetbrains.kotlin.daemon.common.LoopbackNetworkInterface$ClientLoopbackSocketFactory@5d314e9a]" daemon [_thread_blocked, id=13904, stack(0x000000ca0c800000,0x000000ca0c900000) (1024K)]
  0x0000022c453c2360 JavaThread "RMI TCP Connection(5)-127.0.0.1" daemon [_thread_in_native, id=11432, stack(0x000000ca0c900000,0x000000ca0ca00000) (1024K)]
  0x0000022c457eb3d0 JavaThread "C2 CompilerThread1"         daemon [_thread_in_native, id=14400, stack(0x000000ca09c00000,0x000000ca09d00000) (1024K)]
Total: 75

Other Threads:
  0x0000022c3e01cf80 VMThread "VM Thread"                           [id=7008, stack(0x000000ca07f00000,0x000000ca08000000) (1024K)]
  0x0000022c39afd4c0 WatcherThread "VM Periodic Task Thread"        [id=11256, stack(0x000000ca07e00000,0x000000ca07f00000) (1024K)]
  0x0000022c22d0fcd0 WorkerThread "GC Thread#0"                     [id=16628, stack(0x000000ca07900000,0x000000ca07a00000) (1024K)]
  0x0000022c3e53eac0 WorkerThread "GC Thread#1"                     [id=3432, stack(0x000000ca08a00000,0x000000ca08b00000) (1024K)]
  0x0000022c3e53ee60 WorkerThread "GC Thread#2"                     [id=9792, stack(0x000000ca08b00000,0x000000ca08c00000) (1024K)]
  0x0000022c3e53f200 WorkerThread "GC Thread#3"                     [id=17380, stack(0x000000ca08c00000,0x000000ca08d00000) (1024K)]
  0x0000022c22d20bd0 ConcurrentGCThread "G1 Main Marker"            [id=15604, stack(0x000000ca07a00000,0x000000ca07b00000) (1024K)]
  0x0000022c22d21c20 WorkerThread "G1 Conc#0"                       [id=8344, stack(0x000000ca07b00000,0x000000ca07c00000) (1024K)]
  0x0000022c399cf5e0 ConcurrentGCThread "G1 Refine#0"               [id=16860, stack(0x000000ca07c00000,0x000000ca07d00000) (1024K)]
  0x0000022c399cff00 ConcurrentGCThread "G1 Service"                [id=8076, stack(0x000000ca07d00000,0x000000ca07e00000) (1024K)]
Total: 10

Threads with active compile tasks:
C2 CompilerThread0   247782 21704       4       jdk.internal.reflect.Reflection::verifyMemberAccess (200 bytes)
C2 CompilerThread1   247782 21743       4       org.gradle.internal.dispatch.ReflectionDispatch::dispatch (9 bytes)
Total: 2

VM state: not at safepoint (normal execution)

VM Mutex/Monitor currently owned by a thread: None

Heap address: 0x0000000080000000, size: 2048 MB, Compressed Oops mode: 32-bit

CDS archive(s) not mapped
Compressed class space mapped at: 0x0000000100000000-0x0000000140000000, reserved size: 1073741824
Narrow klass base: 0x0000000000000000, Narrow klass shift: 3, Narrow klass range: 0x140000000

GC Precious Log:
 CardTable entry size: 512
 Card Set container configuration: InlinePtr #cards 5 size 8 Array Of Cards #cards 12 size 40 Howl #buckets 4 coarsen threshold 1843 Howl Bitmap #cards 512 size 80 coarsen threshold 460 Card regions per heap region 1 cards per card region 2048
 CPUs: 4 total, 4 available
 Memory: 16223M
 Large Page Support: Disabled
 NUMA Support: Disabled
 Compressed Oops: Enabled (32-bit)
 Heap Region Size: 1M
 Heap Min Capacity: 8M
 Heap Initial Capacity: 254M
 Heap Max Capacity: 2G
 Pre-touch: Disabled
 Parallel Workers: 4
 Concurrent Workers: 1
 Concurrent Refinement Workers: 4
 Periodic GC: Disabled

Heap:
 garbage-first heap   total 316416K, used 251818K [0x0000000080000000, 0x0000000100000000)
  region size 1024K, 71 young (72704K), 4 survivors (4096K)
 Metaspace       used 167413K, committed 169792K, reserved 1245184K
  class space    used 21852K, committed 23040K, reserved 1048576K

Heap Regions: E=young(eden), S=young(survivor), O=old, HS=humongous(starts), HC=humongous(continues), CS=collection set, F=free, TAMS=top-at-mark-start, PB=parsable bottom
|   0|0x0000000080000000, 0x0000000080100000, 0x0000000080100000|100%|HS|  |TAMS 0x0000000080000000| PB 0x0000000080000000| Complete 
|   1|0x0000000080100000, 0x0000000080200000, 0x0000000080200000|100%|HC|  |TAMS 0x0000000080100000| PB 0x0000000080100000| Complete 
|   2|0x0000000080200000, 0x0000000080300000, 0x0000000080300000|100%|HC|  |TAMS 0x0000000080200000| PB 0x0000000080200000| Complete 
|   3|0x0000000080300000, 0x0000000080400000, 0x0000000080400000|100%|HC|  |TAMS 0x0000000080300000| PB 0x0000000080300000| Complete 
|   4|0x0000000080400000, 0x0000000080500000, 0x0000000080500000|100%| O|  |TAMS 0x0000000080400000| PB 0x0000000080400000| Untracked 
|   5|0x0000000080500000, 0x0000000080600000, 0x0000000080600000|100%| O|  |TAMS 0x0000000080500000| PB 0x0000000080500000| Untracked 
|   6|0x0000000080600000, 0x0000000080700000, 0x0000000080700000|100%| O|  |TAMS 0x0000000080600000| PB 0x0000000080600000| Untracked 
|   7|0x0000000080700000, 0x0000000080800000, 0x0000000080800000|100%| O|  |TAMS 0x0000000080700000| PB 0x0000000080700000| Untracked 
|   8|0x0000000080800000, 0x0000000080900000, 0x0000000080900000|100%|HS|  |TAMS 0x0000000080800000| PB 0x0000000080800000| Complete 
|   9|0x0000000080900000, 0x0000000080a00000, 0x0000000080a00000|100%| O|  |TAMS 0x0000000080900000| PB 0x0000000080900000| Untracked 
|  10|0x0000000080a00000, 0x0000000080b00000, 0x0000000080b00000|100%| O|  |TAMS 0x0000000080a00000| PB 0x0000000080a00000| Untracked 
|  11|0x0000000080b00000, 0x0000000080c00000, 0x0000000080c00000|100%| O|  |TAMS 0x0000000080b00000| PB 0x0000000080b00000| Untracked 
|  12|0x0000000080c00000, 0x0000000080d00000, 0x0000000080d00000|100%| O|  |TAMS 0x0000000080c00000| PB 0x0000000080c00000| Untracked 
|  13|0x0000000080d00000, 0x0000000080e00000, 0x0000000080e00000|100%| O|  |TAMS 0x0000000080d00000| PB 0x0000000080d00000| Untracked 
|  14|0x0000000080e00000, 0x0000000080f00000, 0x0000000080f00000|100%| O|  |TAMS 0x0000000080e00000| PB 0x0000000080e00000| Untracked 
|  15|0x0000000080f00000, 0x0000000081000000, 0x0000000081000000|100%| O|  |TAMS 0x0000000080f00000| PB 0x0000000080f00000| Untracked 
|  16|0x0000000081000000, 0x0000000081100000, 0x0000000081100000|100%| O|  |TAMS 0x0000000081000000| PB 0x0000000081000000| Untracked 
|  17|0x0000000081100000, 0x0000000081200000, 0x0000000081200000|100%| O|  |TAMS 0x0000000081100000| PB 0x0000000081100000| Untracked 
|  18|0x0000000081200000, 0x0000000081300000, 0x0000000081300000|100%| O|  |TAMS 0x0000000081200000| PB 0x0000000081200000| Untracked 
|  19|0x0000000081300000, 0x0000000081400000, 0x0000000081400000|100%| O|  |TAMS 0x0000000081300000| PB 0x0000000081300000| Untracked 
|  20|0x0000000081400000, 0x0000000081500000, 0x0000000081500000|100%| O|  |TAMS 0x0000000081400000| PB 0x0000000081400000| Untracked 
|  21|0x0000000081500000, 0x0000000081600000, 0x0000000081600000|100%| O|  |TAMS 0x0000000081500000| PB 0x0000000081500000| Untracked 
|  22|0x0000000081600000, 0x0000000081700000, 0x0000000081700000|100%| O|  |TAMS 0x0000000081600000| PB 0x0000000081600000| Untracked 
|  23|0x0000000081700000, 0x0000000081800000, 0x0000000081800000|100%| O|  |TAMS 0x0000000081700000| PB 0x0000000081700000| Untracked 
|  24|0x0000000081800000, 0x0000000081900000, 0x0000000081900000|100%| O|  |TAMS 0x0000000081800000| PB 0x0000000081800000| Untracked 
|  25|0x0000000081900000, 0x0000000081a00000, 0x0000000081a00000|100%| O|  |TAMS 0x0000000081900000| PB 0x0000000081900000| Untracked 
|  26|0x0000000081a00000, 0x0000000081b00000, 0x0000000081b00000|100%| O|  |TAMS 0x0000000081a00000| PB 0x0000000081a00000| Untracked 
|  27|0x0000000081b00000, 0x0000000081c00000, 0x0000000081c00000|100%| O|  |TAMS 0x0000000081b00000| PB 0x0000000081b00000| Untracked 
|  28|0x0000000081c00000, 0x0000000081d00000, 0x0000000081d00000|100%| O|  |TAMS 0x0000000081c00000| PB 0x0000000081c00000| Untracked 
|  29|0x0000000081d00000, 0x0000000081e00000, 0x0000000081e00000|100%| O|  |TAMS 0x0000000081d00000| PB 0x0000000081d00000| Untracked 
|  30|0x0000000081e00000, 0x0000000081f00000, 0x0000000081f00000|100%| O|  |TAMS 0x0000000081e00000| PB 0x0000000081e00000| Untracked 
|  31|0x0000000081f00000, 0x0000000082000000, 0x0000000082000000|100%| O|  |TAMS 0x0000000081f00000| PB 0x0000000081f00000| Untracked 
|  32|0x0000000082000000, 0x0000000082100000, 0x0000000082100000|100%| O|  |TAMS 0x0000000082000000| PB 0x0000000082000000| Untracked 
|  33|0x0000000082100000, 0x0000000082200000, 0x0000000082200000|100%| O|  |TAMS 0x0000000082100000| PB 0x0000000082100000| Untracked 
|  34|0x0000000082200000, 0x0000000082300000, 0x0000000082300000|100%|HS|  |TAMS 0x0000000082200000| PB 0x0000000082200000| Complete 
|  35|0x0000000082300000, 0x0000000082400000, 0x0000000082400000|100%| O|  |TAMS 0x0000000082300000| PB 0x0000000082300000| Untracked 
|  36|0x0000000082400000, 0x0000000082500000, 0x0000000082500000|100%| O|  |TAMS 0x0000000082400000| PB 0x0000000082400000| Untracked 
|  37|0x0000000082500000, 0x0000000082600000, 0x0000000082600000|100%| O|  |TAMS 0x0000000082500000| PB 0x0000000082500000| Untracked 
|  38|0x0000000082600000, 0x0000000082700000, 0x0000000082700000|100%| O|  |TAMS 0x0000000082600000| PB 0x0000000082600000| Untracked 
|  39|0x0000000082700000, 0x0000000082800000, 0x0000000082800000|100%| O|  |TAMS 0x0000000082700000| PB 0x0000000082700000| Untracked 
|  40|0x0000000082800000, 0x0000000082900000, 0x0000000082900000|100%| O|  |TAMS 0x0000000082800000| PB 0x0000000082800000| Untracked 
|  41|0x0000000082900000, 0x0000000082a00000, 0x0000000082a00000|100%| O|  |TAMS 0x0000000082900000| PB 0x0000000082900000| Untracked 
|  42|0x0000000082a00000, 0x0000000082b00000, 0x0000000082b00000|100%| O|  |TAMS 0x0000000082a00000| PB 0x0000000082a00000| Untracked 
|  43|0x0000000082b00000, 0x0000000082c00000, 0x0000000082c00000|100%| O|  |TAMS 0x0000000082b00000| PB 0x0000000082b00000| Untracked 
|  44|0x0000000082c00000, 0x0000000082d00000, 0x0000000082d00000|100%| O|Cm|TAMS 0x0000000082c00000| PB 0x0000000082c00000| Complete 
|  45|0x0000000082d00000, 0x0000000082e00000, 0x0000000082e00000|100%| O|  |TAMS 0x0000000082d00000| PB 0x0000000082d00000| Untracked 
|  46|0x0000000082e00000, 0x0000000082f00000, 0x0000000082f00000|100%| O|  |TAMS 0x0000000082e00000| PB 0x0000000082e00000| Untracked 
|  47|0x0000000082f00000, 0x0000000083000000, 0x0000000083000000|100%| O|  |TAMS 0x0000000082f00000| PB 0x0000000082f00000| Untracked 
|  48|0x0000000083000000, 0x0000000083100000, 0x0000000083100000|100%| O|  |TAMS 0x0000000083000000| PB 0x0000000083000000| Untracked 
|  49|0x0000000083100000, 0x0000000083200000, 0x0000000083200000|100%|HS|  |TAMS 0x0000000083100000| PB 0x0000000083100000| Complete 
|  50|0x0000000083200000, 0x0000000083300000, 0x0000000083300000|100%|HS|  |TAMS 0x0000000083200000| PB 0x0000000083200000| Complete 
|  51|0x0000000083300000, 0x0000000083400000, 0x0000000083400000|100%|HS|  |TAMS 0x0000000083300000| PB 0x0000000083300000| Complete 
|  52|0x0000000083400000, 0x0000000083500000, 0x0000000083500000|100%|HC|  |TAMS 0x0000000083400000| PB 0x0000000083400000| Complete 
|  53|0x0000000083500000, 0x0000000083600000, 0x0000000083600000|100%|HS|  |TAMS 0x0000000083500000| PB 0x0000000083500000| Complete 
|  54|0x0000000083600000, 0x0000000083700000, 0x0000000083700000|100%|HC|  |TAMS 0x0000000083600000| PB 0x0000000083600000| Complete 
|  55|0x0000000083700000, 0x0000000083800000, 0x0000000083800000|100%|HS|  |TAMS 0x0000000083700000| PB 0x0000000083700000| Complete 
|  56|0x0000000083800000, 0x0000000083900000, 0x0000000083900000|100%|HS|  |TAMS 0x0000000083800000| PB 0x0000000083800000| Complete 
|  57|0x0000000083900000, 0x0000000083a00000, 0x0000000083a00000|100%|HC|  |TAMS 0x0000000083900000| PB 0x0000000083900000| Complete 
|  58|0x0000000083a00000, 0x0000000083b00000, 0x0000000083b00000|100%|HC|  |TAMS 0x0000000083a00000| PB 0x0000000083a00000| Complete 
|  59|0x0000000083b00000, 0x0000000083c00000, 0x0000000083c00000|100%|HS|  |TAMS 0x0000000083b00000| PB 0x0000000083b00000| Complete 
|  60|0x0000000083c00000, 0x0000000083d00000, 0x0000000083d00000|100%| O|  |TAMS 0x0000000083c00000| PB 0x0000000083c00000| Untracked 
|  61|0x0000000083d00000, 0x0000000083e00000, 0x0000000083e00000|100%|HS|  |TAMS 0x0000000083d00000| PB 0x0000000083d00000| Complete 
|  62|0x0000000083e00000, 0x0000000083f00000, 0x0000000083f00000|100%|HS|  |TAMS 0x0000000083e00000| PB 0x0000000083e00000| Complete 
|  63|0x0000000083f00000, 0x0000000084000000, 0x0000000084000000|100%| O|  |TAMS 0x0000000083f00000| PB 0x0000000083f00000| Untracked 
|  64|0x0000000084000000, 0x0000000084100000, 0x0000000084100000|100%| O|  |TAMS 0x0000000084000000| PB 0x0000000084000000| Untracked 
|  65|0x0000000084100000, 0x0000000084200000, 0x0000000084200000|100%| O|Cm|TAMS 0x0000000084100000| PB 0x0000000084100000| Complete 
|  66|0x0000000084200000, 0x0000000084300000, 0x0000000084300000|100%| O|  |TAMS 0x0000000084200000| PB 0x0000000084200000| Untracked 
|  67|0x0000000084300000, 0x0000000084400000, 0x0000000084400000|100%| O|  |TAMS 0x0000000084300000| PB 0x0000000084300000| Untracked 
|  68|0x0000000084400000, 0x0000000084500000, 0x0000000084500000|100%| O|  |TAMS 0x0000000084400000| PB 0x0000000084400000| Untracked 
|  69|0x0000000084500000, 0x0000000084600000, 0x0000000084600000|100%| O|  |TAMS 0x0000000084500000| PB 0x0000000084500000| Untracked 
|  70|0x0000000084600000, 0x0000000084700000, 0x0000000084700000|100%| O|Cm|TAMS 0x0000000084600000| PB 0x0000000084600000| Complete 
|  71|0x0000000084700000, 0x0000000084800000, 0x0000000084800000|100%| O|  |TAMS 0x0000000084700000| PB 0x0000000084700000| Untracked 
|  72|0x0000000084800000, 0x0000000084900000, 0x0000000084900000|100%| O|  |TAMS 0x0000000084800000| PB 0x0000000084800000| Untracked 
|  73|0x0000000084900000, 0x0000000084a00000, 0x0000000084a00000|100%|HS|  |TAMS 0x0000000084900000| PB 0x0000000084900000| Complete 
|  74|0x0000000084a00000, 0x0000000084b00000, 0x0000000084b00000|100%|HS|  |TAMS 0x0000000084a00000| PB 0x0000000084a00000| Complete 
|  75|0x0000000084b00000, 0x0000000084c00000, 0x0000000084c00000|100%|HC|  |TAMS 0x0000000084b00000| PB 0x0000000084b00000| Complete 
|  76|0x0000000084c00000, 0x0000000084d00000, 0x0000000084d00000|100%|HC|  |TAMS 0x0000000084c00000| PB 0x0000000084c00000| Complete 
|  77|0x0000000084d00000, 0x0000000084e00000, 0x0000000084e00000|100%| O|  |TAMS 0x0000000084d00000| PB 0x0000000084d00000| Untracked 
|  78|0x0000000084e00000, 0x0000000084f00000, 0x0000000084f00000|100%| O|  |TAMS 0x0000000084e00000| PB 0x0000000084e00000| Untracked 
|  79|0x0000000084f00000, 0x0000000085000000, 0x0000000085000000|100%| O|  |TAMS 0x0000000084f00000| PB 0x0000000084f00000| Untracked 
|  80|0x0000000085000000, 0x0000000085100000, 0x0000000085100000|100%| O|  |TAMS 0x0000000085000000| PB 0x0000000085000000| Untracked 
|  81|0x0000000085100000, 0x0000000085200000, 0x0000000085200000|100%| O|  |TAMS 0x0000000085100000| PB 0x0000000085100000| Untracked 
|  82|0x0000000085200000, 0x0000000085300000, 0x0000000085300000|100%| O|  |TAMS 0x0000000085200000| PB 0x0000000085200000| Untracked 
|  83|0x0000000085300000, 0x0000000085400000, 0x0000000085400000|100%| O|  |TAMS 0x0000000085300000| PB 0x0000000085300000| Untracked 
|  84|0x0000000085400000, 0x0000000085500000, 0x0000000085500000|100%| O|  |TAMS 0x0000000085400000| PB 0x0000000085400000| Untracked 
|  85|0x0000000085500000, 0x0000000085600000, 0x0000000085600000|100%| O|  |TAMS 0x0000000085500000| PB 0x0000000085500000| Untracked 
|  86|0x0000000085600000, 0x0000000085700000, 0x0000000085700000|100%| O|Cm|TAMS 0x0000000085600000| PB 0x0000000085600000| Complete 
|  87|0x0000000085700000, 0x0000000085800000, 0x0000000085800000|100%| O|Cm|TAMS 0x0000000085700000| PB 0x0000000085700000| Complete 
|  88|0x0000000085800000, 0x0000000085900000, 0x0000000085900000|100%| O|Cm|TAMS 0x0000000085800000| PB 0x0000000085800000| Complete 
|  89|0x0000000085900000, 0x0000000085a00000, 0x0000000085a00000|100%| O|  |TAMS 0x0000000085900000| PB 0x0000000085900000| Untracked 
|  90|0x0000000085a00000, 0x0000000085b00000, 0x0000000085b00000|100%| O|  |TAMS 0x0000000085a00000| PB 0x0000000085a00000| Untracked 
|  91|0x0000000085b00000, 0x0000000085c00000, 0x0000000085c00000|100%| O|  |TAMS 0x0000000085b00000| PB 0x0000000085b00000| Untracked 
|  92|0x0000000085c00000, 0x0000000085d00000, 0x0000000085d00000|100%| O|  |TAMS 0x0000000085c00000| PB 0x0000000085c00000| Untracked 
|  93|0x0000000085d00000, 0x0000000085e00000, 0x0000000085e00000|100%| O|  |TAMS 0x0000000085d00000| PB 0x0000000085d00000| Untracked 
|  94|0x0000000085e00000, 0x0000000085f00000, 0x0000000085f00000|100%| O|  |TAMS 0x0000000085e00000| PB 0x0000000085e00000| Untracked 
|  95|0x0000000085f00000, 0x0000000086000000, 0x0000000086000000|100%| O|  |TAMS 0x0000000085f00000| PB 0x0000000085f00000| Untracked 
|  96|0x0000000086000000, 0x0000000086100000, 0x0000000086100000|100%| O|  |TAMS 0x0000000086000000| PB 0x0000000086000000| Untracked 
|  97|0x0000000086100000, 0x0000000086200000, 0x0000000086200000|100%| O|Cm|TAMS 0x0000000086100000| PB 0x0000000086100000| Complete 
|  98|0x0000000086200000, 0x0000000086300000, 0x0000000086300000|100%| O|  |TAMS 0x0000000086200000| PB 0x0000000086200000| Untracked 
|  99|0x0000000086300000, 0x0000000086400000, 0x0000000086400000|100%| O|  |TAMS 0x0000000086300000| PB 0x0000000086300000| Untracked 
| 100|0x0000000086400000, 0x0000000086500000, 0x0000000086500000|100%| O|  |TAMS 0x0000000086400000| PB 0x0000000086400000| Untracked 
| 101|0x0000000086500000, 0x0000000086600000, 0x0000000086600000|100%| O|  |TAMS 0x0000000086500000| PB 0x0000000086500000| Untracked 
| 102|0x0000000086600000, 0x0000000086700000, 0x0000000086700000|100%| O|  |TAMS 0x0000000086600000| PB 0x0000000086600000| Untracked 
| 103|0x0000000086700000, 0x0000000086800000, 0x0000000086800000|100%| O|  |TAMS 0x0000000086700000| PB 0x0000000086700000| Untracked 
| 104|0x0000000086800000, 0x0000000086900000, 0x0000000086900000|100%| O|Cm|TAMS 0x0000000086800000| PB 0x0000000086800000| Complete 
| 105|0x0000000086900000, 0x0000000086a00000, 0x0000000086a00000|100%| O|  |TAMS 0x0000000086900000| PB 0x0000000086900000| Untracked 
| 106|0x0000000086a00000, 0x0000000086b00000, 0x0000000086b00000|100%| O|  |TAMS 0x0000000086a00000| PB 0x0000000086a00000| Untracked 
| 107|0x0000000086b00000, 0x0000000086c00000, 0x0000000086c00000|100%| O|  |TAMS 0x0000000086b00000| PB 0x0000000086b00000| Untracked 
| 108|0x0000000086c00000, 0x0000000086d00000, 0x0000000086d00000|100%| O|  |TAMS 0x0000000086c00000| PB 0x0000000086c00000| Untracked 
| 109|0x0000000086d00000, 0x0000000086e00000, 0x0000000086e00000|100%| O|  |TAMS 0x0000000086d00000| PB 0x0000000086d00000| Untracked 
| 110|0x0000000086e00000, 0x0000000086f00000, 0x0000000086f00000|100%| O|  |TAMS 0x0000000086e00000| PB 0x0000000086e00000| Untracked 
| 111|0x0000000086f00000, 0x0000000087000000, 0x0000000087000000|100%| O|  |TAMS 0x0000000086f00000| PB 0x0000000086f00000| Untracked 
| 112|0x0000000087000000, 0x0000000087100000, 0x0000000087100000|100%| O|  |TAMS 0x0000000087000000| PB 0x0000000087000000| Untracked 
| 113|0x0000000087100000, 0x0000000087200000, 0x0000000087200000|100%| O|  |TAMS 0x0000000087100000| PB 0x0000000087100000| Untracked 
| 114|0x0000000087200000, 0x0000000087300000, 0x0000000087300000|100%|HS|  |TAMS 0x0000000087200000| PB 0x0000000087200000| Complete 
| 115|0x0000000087300000, 0x0000000087400000, 0x0000000087400000|100%|HC|  |TAMS 0x0000000087300000| PB 0x0000000087300000| Complete 
| 116|0x0000000087400000, 0x0000000087500000, 0x0000000087500000|100%| O|  |TAMS 0x0000000087400000| PB 0x0000000087400000| Untracked 
| 117|0x0000000087500000, 0x0000000087600000, 0x0000000087600000|100%| O|  |TAMS 0x0000000087500000| PB 0x0000000087500000| Untracked 
| 118|0x0000000087600000, 0x0000000087700000, 0x0000000087700000|100%| O|  |TAMS 0x0000000087600000| PB 0x0000000087600000| Untracked 
| 119|0x0000000087700000, 0x0000000087800000, 0x0000000087800000|100%| O|  |TAMS 0x0000000087700000| PB 0x0000000087700000| Untracked 
| 120|0x0000000087800000, 0x0000000087900000, 0x0000000087900000|100%| O|  |TAMS 0x0000000087800000| PB 0x0000000087800000| Untracked 
| 121|0x0000000087900000, 0x0000000087a00000, 0x0000000087a00000|100%| O|  |TAMS 0x0000000087900000| PB 0x0000000087900000| Untracked 
| 122|0x0000000087a00000, 0x0000000087b00000, 0x0000000087b00000|100%| O|  |TAMS 0x0000000087a00000| PB 0x0000000087a00000| Untracked 
| 123|0x0000000087b00000, 0x0000000087c00000, 0x0000000087c00000|100%| O|Cm|TAMS 0x0000000087b00000| PB 0x0000000087b00000| Complete 
| 124|0x0000000087c00000, 0x0000000087d00000, 0x0000000087d00000|100%| O|Cm|TAMS 0x0000000087c00000| PB 0x0000000087c00000| Complete 
| 125|0x0000000087d00000, 0x0000000087e00000, 0x0000000087e00000|100%| O|Cm|TAMS 0x0000000087d00000| PB 0x0000000087d00000| Complete 
| 126|0x0000000087e00000, 0x0000000087f00000, 0x0000000087f00000|100%| O|Cm|TAMS 0x0000000087e00000| PB 0x0000000087e00000| Complete 
| 127|0x0000000087f00000, 0x0000000088000000, 0x0000000088000000|100%|HS|  |TAMS 0x0000000087f00000| PB 0x0000000087f00000| Complete 
| 128|0x0000000088000000, 0x0000000088100000, 0x0000000088100000|100%|HC|  |TAMS 0x0000000088000000| PB 0x0000000088000000| Complete 
| 129|0x0000000088100000, 0x0000000088200000, 0x0000000088200000|100%| O|  |TAMS 0x0000000088100000| PB 0x0000000088100000| Untracked 
| 130|0x0000000088200000, 0x0000000088300000, 0x0000000088300000|100%| O|  |TAMS 0x0000000088200000| PB 0x0000000088200000| Untracked 
| 131|0x0000000088300000, 0x0000000088400000, 0x0000000088400000|100%| O|  |TAMS 0x0000000088300000| PB 0x0000000088300000| Untracked 
| 132|0x0000000088400000, 0x0000000088500000, 0x0000000088500000|100%| O|Cm|TAMS 0x0000000088400000| PB 0x0000000088400000| Complete 
| 133|0x0000000088500000, 0x0000000088600000, 0x0000000088600000|100%| O|Cm|TAMS 0x0000000088500000| PB 0x0000000088500000| Complete 
| 134|0x0000000088600000, 0x0000000088700000, 0x0000000088700000|100%| O|Cm|TAMS 0x0000000088600000| PB 0x0000000088600000| Complete 
| 135|0x0000000088700000, 0x0000000088800000, 0x0000000088800000|100%|HS|  |TAMS 0x0000000088700000| PB 0x0000000088700000| Complete 
| 136|0x0000000088800000, 0x0000000088900000, 0x0000000088900000|100%|HC|  |TAMS 0x0000000088800000| PB 0x0000000088800000| Complete 
| 137|0x0000000088900000, 0x0000000088a00000, 0x0000000088a00000|100%| O|  |TAMS 0x0000000088900000| PB 0x0000000088900000| Untracked 
| 138|0x0000000088a00000, 0x0000000088b00000, 0x0000000088b00000|100%| O|  |TAMS 0x0000000088a00000| PB 0x0000000088a00000| Untracked 
| 139|0x0000000088b00000, 0x0000000088c00000, 0x0000000088c00000|100%|HS|  |TAMS 0x0000000088b00000| PB 0x0000000088b00000| Complete 
| 140|0x0000000088c00000, 0x0000000088d00000, 0x0000000088d00000|100%|HC|  |TAMS 0x0000000088c00000| PB 0x0000000088c00000| Complete 
| 141|0x0000000088d00000, 0x0000000088e00000, 0x0000000088e00000|100%| O|  |TAMS 0x0000000088d00000| PB 0x0000000088d00000| Untracked 
| 142|0x0000000088e00000, 0x0000000088f00000, 0x0000000088f00000|100%| O|  |TAMS 0x0000000088e00000| PB 0x0000000088e00000| Untracked 
| 143|0x0000000088f00000, 0x0000000089000000, 0x0000000089000000|100%| O|  |TAMS 0x0000000088f00000| PB 0x0000000088f00000| Untracked 
| 144|0x0000000089000000, 0x0000000089100000, 0x0000000089100000|100%| O|  |TAMS 0x0000000089000000| PB 0x0000000089000000| Untracked 
| 145|0x0000000089100000, 0x0000000089200000, 0x0000000089200000|100%| O|Cm|TAMS 0x0000000089100000| PB 0x0000000089100000| Complete 
| 146|0x0000000089200000, 0x0000000089300000, 0x0000000089300000|100%| O|Cm|TAMS 0x0000000089200000| PB 0x0000000089200000| Complete 
| 147|0x0000000089300000, 0x0000000089400000, 0x0000000089400000|100%| O|  |TAMS 0x0000000089300000| PB 0x0000000089300000| Untracked 
| 148|0x0000000089400000, 0x0000000089500000, 0x0000000089500000|100%| O|Cm|TAMS 0x0000000089400000| PB 0x0000000089400000| Complete 
| 149|0x0000000089500000, 0x0000000089600000, 0x0000000089600000|100%| O|  |TAMS 0x0000000089500000| PB 0x0000000089500000| Untracked 
| 150|0x0000000089600000, 0x0000000089700000, 0x0000000089700000|100%| O|  |TAMS 0x0000000089600000| PB 0x0000000089600000| Untracked 
| 151|0x0000000089700000, 0x0000000089700000, 0x0000000089800000|  0%| F|  |TAMS 0x0000000089700000| PB 0x0000000089700000| Untracked 
| 152|0x0000000089800000, 0x0000000089800000, 0x0000000089900000|  0%| F|  |TAMS 0x0000000089800000| PB 0x0000000089800000| Untracked 
| 153|0x0000000089900000, 0x0000000089900000, 0x0000000089a00000|  0%| F|  |TAMS 0x0000000089900000| PB 0x0000000089900000| Untracked 
| 154|0x0000000089a00000, 0x0000000089a00000, 0x0000000089b00000|  0%| F|  |TAMS 0x0000000089a00000| PB 0x0000000089a00000| Untracked 
| 155|0x0000000089b00000, 0x0000000089b00000, 0x0000000089c00000|  0%| F|  |TAMS 0x0000000089b00000| PB 0x0000000089b00000| Untracked 
| 156|0x0000000089c00000, 0x0000000089d00000, 0x0000000089d00000|100%| O|  |TAMS 0x0000000089c00000| PB 0x0000000089c00000| Untracked 
| 157|0x0000000089d00000, 0x0000000089e00000, 0x0000000089e00000|100%| O|  |TAMS 0x0000000089d00000| PB 0x0000000089d00000| Untracked 
| 158|0x0000000089e00000, 0x0000000089f00000, 0x0000000089f00000|100%| O|  |TAMS 0x0000000089e00000| PB 0x0000000089e00000| Untracked 
| 159|0x0000000089f00000, 0x000000008a000000, 0x000000008a000000|100%| O|  |TAMS 0x0000000089f00000| PB 0x0000000089f00000| Untracked 
| 160|0x000000008a000000, 0x000000008a100000, 0x000000008a100000|100%| O|  |TAMS 0x000000008a000000| PB 0x000000008a000000| Untracked 
| 161|0x000000008a100000, 0x000000008a100000, 0x000000008a200000|  0%| F|  |TAMS 0x000000008a100000| PB 0x000000008a100000| Untracked 
| 162|0x000000008a200000, 0x000000008a200000, 0x000000008a300000|  0%| F|  |TAMS 0x000000008a200000| PB 0x000000008a200000| Untracked 
| 163|0x000000008a300000, 0x000000008a300000, 0x000000008a400000|  0%| F|  |TAMS 0x000000008a300000| PB 0x000000008a300000| Untracked 
| 164|0x000000008a400000, 0x000000008a500000, 0x000000008a500000|100%| O|  |TAMS 0x000000008a400000| PB 0x000000008a400000| Untracked 
| 165|0x000000008a500000, 0x000000008a600000, 0x000000008a600000|100%| O|  |TAMS 0x000000008a500000| PB 0x000000008a500000| Untracked 
| 166|0x000000008a600000, 0x000000008a700000, 0x000000008a700000|100%| O|  |TAMS 0x000000008a600000| PB 0x000000008a600000| Untracked 
| 167|0x000000008a700000, 0x000000008a800000, 0x000000008a800000|100%| O|  |TAMS 0x000000008a700000| PB 0x000000008a700000| Untracked 
| 168|0x000000008a800000, 0x000000008a900000, 0x000000008a900000|100%| O|  |TAMS 0x000000008a800000| PB 0x000000008a800000| Untracked 
| 169|0x000000008a900000, 0x000000008aa00000, 0x000000008aa00000|100%| O|Cm|TAMS 0x000000008a900000| PB 0x000000008a900000| Complete 
| 170|0x000000008aa00000, 0x000000008aa00000, 0x000000008ab00000|  0%| F|  |TAMS 0x000000008aa00000| PB 0x000000008aa00000| Untracked 
| 171|0x000000008ab00000, 0x000000008ab00000, 0x000000008ac00000|  0%| F|  |TAMS 0x000000008ab00000| PB 0x000000008ab00000| Untracked 
| 172|0x000000008ac00000, 0x000000008ac00000, 0x000000008ad00000|  0%| F|  |TAMS 0x000000008ac00000| PB 0x000000008ac00000| Untracked 
| 173|0x000000008ad00000, 0x000000008ad00000, 0x000000008ae00000|  0%| F|  |TAMS 0x000000008ad00000| PB 0x000000008ad00000| Untracked 
| 174|0x000000008ae00000, 0x000000008ae00000, 0x000000008af00000|  0%| F|  |TAMS 0x000000008ae00000| PB 0x000000008ae00000| Untracked 
| 175|0x000000008af00000, 0x000000008b000000, 0x000000008b000000|100%| O|  |TAMS 0x000000008af00000| PB 0x000000008af00000| Untracked 
| 176|0x000000008b000000, 0x000000008b100000, 0x000000008b100000|100%| O|  |TAMS 0x000000008b000000| PB 0x000000008b000000| Untracked 
| 177|0x000000008b100000, 0x000000008b200000, 0x000000008b200000|100%| O|  |TAMS 0x000000008b100000| PB 0x000000008b100000| Untracked 
| 178|0x000000008b200000, 0x000000008b300000, 0x000000008b300000|100%| O|  |TAMS 0x000000008b200000| PB 0x000000008b200000| Untracked 
| 179|0x000000008b300000, 0x000000008b400000, 0x000000008b400000|100%| O|  |TAMS 0x000000008b300000| PB 0x000000008b300000| Untracked 
| 180|0x000000008b400000, 0x000000008b500000, 0x000000008b500000|100%| O|  |TAMS 0x000000008b400000| PB 0x000000008b400000| Untracked 
| 181|0x000000008b500000, 0x000000008b600000, 0x000000008b600000|100%| O|  |TAMS 0x000000008b500000| PB 0x000000008b500000| Untracked 
| 182|0x000000008b600000, 0x000000008b6eabc8, 0x000000008b700000| 91%| O|  |TAMS 0x000000008b600000| PB 0x000000008b600000| Untracked 
| 183|0x000000008b700000, 0x000000008b700000, 0x000000008b800000|  0%| F|  |TAMS 0x000000008b700000| PB 0x000000008b700000| Untracked 
| 184|0x000000008b800000, 0x000000008b800000, 0x000000008b900000|  0%| F|  |TAMS 0x000000008b800000| PB 0x000000008b800000| Untracked 
| 185|0x000000008b900000, 0x000000008b900000, 0x000000008ba00000|  0%| F|  |TAMS 0x000000008b900000| PB 0x000000008b900000| Untracked 
| 186|0x000000008ba00000, 0x000000008ba00000, 0x000000008bb00000|  0%| F|  |TAMS 0x000000008ba00000| PB 0x000000008ba00000| Untracked 
| 187|0x000000008bb00000, 0x000000008bb00000, 0x000000008bc00000|  0%| F|  |TAMS 0x000000008bb00000| PB 0x000000008bb00000| Untracked 
| 188|0x000000008bc00000, 0x000000008bc00000, 0x000000008bd00000|  0%| F|  |TAMS 0x000000008bc00000| PB 0x000000008bc00000| Untracked 
| 189|0x000000008bd00000, 0x000000008bd00000, 0x000000008be00000|  0%| F|  |TAMS 0x000000008bd00000| PB 0x000000008bd00000| Untracked 
| 190|0x000000008be00000, 0x000000008be00000, 0x000000008bf00000|  0%| F|  |TAMS 0x000000008be00000| PB 0x000000008be00000| Untracked 
| 191|0x000000008bf00000, 0x000000008bf00000, 0x000000008c000000|  0%| F|  |TAMS 0x000000008bf00000| PB 0x000000008bf00000| Untracked 
| 192|0x000000008c000000, 0x000000008c000000, 0x000000008c100000|  0%| F|  |TAMS 0x000000008c000000| PB 0x000000008c000000| Untracked 
| 193|0x000000008c100000, 0x000000008c200000, 0x000000008c200000|100%| S|CS|TAMS 0x000000008c100000| PB 0x000000008c100000| Complete 
| 194|0x000000008c200000, 0x000000008c300000, 0x000000008c300000|100%| S|CS|TAMS 0x000000008c200000| PB 0x000000008c200000| Complete 
| 195|0x000000008c300000, 0x000000008c400000, 0x000000008c400000|100%| S|CS|TAMS 0x000000008c300000| PB 0x000000008c300000| Complete 
| 196|0x000000008c400000, 0x000000008c500000, 0x000000008c500000|100%| S|CS|TAMS 0x000000008c400000| PB 0x000000008c400000| Complete 
| 197|0x000000008c500000, 0x000000008c500000, 0x000000008c600000|  0%| F|  |TAMS 0x000000008c500000| PB 0x000000008c500000| Untracked 
| 198|0x000000008c600000, 0x000000008c600000, 0x000000008c700000|  0%| F|  |TAMS 0x000000008c600000| PB 0x000000008c600000| Untracked 
| 199|0x000000008c700000, 0x000000008c700000, 0x000000008c800000|  0%| F|  |TAMS 0x000000008c700000| PB 0x000000008c700000| Untracked 
| 200|0x000000008c800000, 0x000000008c800000, 0x000000008c900000|  0%| F|  |TAMS 0x000000008c800000| PB 0x000000008c800000| Untracked 
| 201|0x000000008c900000, 0x000000008c900000, 0x000000008ca00000|  0%| F|  |TAMS 0x000000008c900000| PB 0x000000008c900000| Untracked 
| 202|0x000000008ca00000, 0x000000008ca00000, 0x000000008cb00000|  0%| F|  |TAMS 0x000000008ca00000| PB 0x000000008ca00000| Untracked 
| 203|0x000000008cb00000, 0x000000008cb00000, 0x000000008cc00000|  0%| F|  |TAMS 0x000000008cb00000| PB 0x000000008cb00000| Untracked 
| 204|0x000000008cc00000, 0x000000008cc00000, 0x000000008cd00000|  0%| F|  |TAMS 0x000000008cc00000| PB 0x000000008cc00000| Untracked 
| 205|0x000000008cd00000, 0x000000008cd00000, 0x000000008ce00000|  0%| F|  |TAMS 0x000000008cd00000| PB 0x000000008cd00000| Untracked 
| 206|0x000000008ce00000, 0x000000008ce00000, 0x000000008cf00000|  0%| F|  |TAMS 0x000000008ce00000| PB 0x000000008ce00000| Untracked 
| 207|0x000000008cf00000, 0x000000008cf00000, 0x000000008d000000|  0%| F|  |TAMS 0x000000008cf00000| PB 0x000000008cf00000| Untracked 
| 208|0x000000008d000000, 0x000000008d000000, 0x000000008d100000|  0%| F|  |TAMS 0x000000008d000000| PB 0x000000008d000000| Untracked 
| 209|0x000000008d100000, 0x000000008d100000, 0x000000008d200000|  0%| F|  |TAMS 0x000000008d100000| PB 0x000000008d100000| Untracked 
| 210|0x000000008d200000, 0x000000008d200000, 0x000000008d300000|  0%| F|  |TAMS 0x000000008d200000| PB 0x000000008d200000| Untracked 
| 211|0x000000008d300000, 0x000000008d300000, 0x000000008d400000|  0%| F|  |TAMS 0x000000008d300000| PB 0x000000008d300000| Untracked 
| 212|0x000000008d400000, 0x000000008d400000, 0x000000008d500000|  0%| F|  |TAMS 0x000000008d400000| PB 0x000000008d400000| Untracked 
| 213|0x000000008d500000, 0x000000008d500000, 0x000000008d600000|  0%| F|  |TAMS 0x000000008d500000| PB 0x000000008d500000| Untracked 
| 214|0x000000008d600000, 0x000000008d600000, 0x000000008d700000|  0%| F|  |TAMS 0x000000008d600000| PB 0x000000008d600000| Untracked 
| 215|0x000000008d700000, 0x000000008d700000, 0x000000008d800000|  0%| F|  |TAMS 0x000000008d700000| PB 0x000000008d700000| Untracked 
| 216|0x000000008d800000, 0x000000008d800000, 0x000000008d900000|  0%| F|  |TAMS 0x000000008d800000| PB 0x000000008d800000| Untracked 
| 217|0x000000008d900000, 0x000000008d900000, 0x000000008da00000|  0%| F|  |TAMS 0x000000008d900000| PB 0x000000008d900000| Untracked 
| 218|0x000000008da00000, 0x000000008da00000, 0x000000008db00000|  0%| F|  |TAMS 0x000000008da00000| PB 0x000000008da00000| Untracked 
| 219|0x000000008db00000, 0x000000008db00000, 0x000000008dc00000|  0%| F|  |TAMS 0x000000008db00000| PB 0x000000008db00000| Untracked 
| 220|0x000000008dc00000, 0x000000008dc00000, 0x000000008dd00000|  0%| F|  |TAMS 0x000000008dc00000| PB 0x000000008dc00000| Untracked 
| 221|0x000000008dd00000, 0x000000008dd00000, 0x000000008de00000|  0%| F|  |TAMS 0x000000008dd00000| PB 0x000000008dd00000| Untracked 
| 222|0x000000008de00000, 0x000000008de00000, 0x000000008df00000|  0%| F|  |TAMS 0x000000008de00000| PB 0x000000008de00000| Untracked 
| 223|0x000000008df00000, 0x000000008df00000, 0x000000008e000000|  0%| F|  |TAMS 0x000000008df00000| PB 0x000000008df00000| Untracked 
| 224|0x000000008e000000, 0x000000008e000000, 0x000000008e100000|  0%| F|  |TAMS 0x000000008e000000| PB 0x000000008e000000| Untracked 
| 225|0x000000008e100000, 0x000000008e100000, 0x000000008e200000|  0%| F|  |TAMS 0x000000008e100000| PB 0x000000008e100000| Untracked 
| 226|0x000000008e200000, 0x000000008e200000, 0x000000008e300000|  0%| F|  |TAMS 0x000000008e200000| PB 0x000000008e200000| Untracked 
| 227|0x000000008e300000, 0x000000008e300000, 0x000000008e400000|  0%| F|  |TAMS 0x000000008e300000| PB 0x000000008e300000| Untracked 
| 228|0x000000008e400000, 0x000000008e400000, 0x000000008e500000|  0%| F|  |TAMS 0x000000008e400000| PB 0x000000008e400000| Untracked 
| 229|0x000000008e500000, 0x000000008e500000, 0x000000008e600000|  0%| F|  |TAMS 0x000000008e500000| PB 0x000000008e500000| Untracked 
| 230|0x000000008e600000, 0x000000008e600000, 0x000000008e700000|  0%| F|  |TAMS 0x000000008e600000| PB 0x000000008e600000| Untracked 
| 231|0x000000008e700000, 0x000000008e700000, 0x000000008e800000|  0%| F|  |TAMS 0x000000008e700000| PB 0x000000008e700000| Untracked 
| 232|0x000000008e800000, 0x000000008e800000, 0x000000008e900000|  0%| F|  |TAMS 0x000000008e800000| PB 0x000000008e800000| Untracked 
| 233|0x000000008e900000, 0x000000008e900000, 0x000000008ea00000|  0%| F|  |TAMS 0x000000008e900000| PB 0x000000008e900000| Untracked 
| 234|0x000000008ea00000, 0x000000008ea00000, 0x000000008eb00000|  0%| F|  |TAMS 0x000000008ea00000| PB 0x000000008ea00000| Untracked 
| 235|0x000000008eb00000, 0x000000008eb07df8, 0x000000008ec00000|  3%| E|  |TAMS 0x000000008eb00000| PB 0x000000008eb00000| Complete 
| 236|0x000000008ec00000, 0x000000008ed00000, 0x000000008ed00000|100%| E|CS|TAMS 0x000000008ec00000| PB 0x000000008ec00000| Complete 
| 237|0x000000008ed00000, 0x000000008ee00000, 0x000000008ee00000|100%| E|CS|TAMS 0x000000008ed00000| PB 0x000000008ed00000| Complete 
| 238|0x000000008ee00000, 0x000000008ef00000, 0x000000008ef00000|100%| E|CS|TAMS 0x000000008ee00000| PB 0x000000008ee00000| Complete 
| 239|0x000000008ef00000, 0x000000008f000000, 0x000000008f000000|100%| E|  |TAMS 0x000000008ef00000| PB 0x000000008ef00000| Complete 
| 240|0x000000008f000000, 0x000000008f100000, 0x000000008f100000|100%| E|CS|TAMS 0x000000008f000000| PB 0x000000008f000000| Complete 
| 241|0x000000008f100000, 0x000000008f200000, 0x000000008f200000|100%| E|CS|TAMS 0x000000008f100000| PB 0x000000008f100000| Complete 
| 242|0x000000008f200000, 0x000000008f300000, 0x000000008f300000|100%| E|CS|TAMS 0x000000008f200000| PB 0x000000008f200000| Complete 
| 243|0x000000008f300000, 0x000000008f400000, 0x000000008f400000|100%| E|CS|TAMS 0x000000008f300000| PB 0x000000008f300000| Complete 
| 244|0x000000008f400000, 0x000000008f500000, 0x000000008f500000|100%| E|CS|TAMS 0x000000008f400000| PB 0x000000008f400000| Complete 
| 245|0x000000008f500000, 0x000000008f600000, 0x000000008f600000|100%| E|CS|TAMS 0x000000008f500000| PB 0x000000008f500000| Complete 
| 246|0x000000008f600000, 0x000000008f700000, 0x000000008f700000|100%| E|CS|TAMS 0x000000008f600000| PB 0x000000008f600000| Complete 
| 247|0x000000008f700000, 0x000000008f800000, 0x000000008f800000|100%| E|CS|TAMS 0x000000008f700000| PB 0x000000008f700000| Complete 
| 248|0x000000008f800000, 0x000000008f900000, 0x000000008f900000|100%| E|CS|TAMS 0x000000008f800000| PB 0x000000008f800000| Complete 
| 249|0x000000008f900000, 0x000000008fa00000, 0x000000008fa00000|100%| E|CS|TAMS 0x000000008f900000| PB 0x000000008f900000| Complete 
| 250|0x000000008fa00000, 0x000000008fb00000, 0x000000008fb00000|100%| E|CS|TAMS 0x000000008fa00000| PB 0x000000008fa00000| Complete 
| 251|0x000000008fb00000, 0x000000008fc00000, 0x000000008fc00000|100%| E|CS|TAMS 0x000000008fb00000| PB 0x000000008fb00000| Complete 
| 252|0x000000008fc00000, 0x000000008fd00000, 0x000000008fd00000|100%| E|CS|TAMS 0x000000008fc00000| PB 0x000000008fc00000| Complete 
| 253|0x000000008fd00000, 0x000000008fe00000, 0x000000008fe00000|100%| E|CS|TAMS 0x000000008fd00000| PB 0x000000008fd00000| Complete 
| 254|0x000000008fe00000, 0x000000008ff00000, 0x000000008ff00000|100%| E|CS|TAMS 0x000000008fe00000| PB 0x000000008fe00000| Complete 
| 255|0x000000008ff00000, 0x0000000090000000, 0x0000000090000000|100%| E|CS|TAMS 0x000000008ff00000| PB 0x000000008ff00000| Complete 
| 256|0x0000000090000000, 0x0000000090100000, 0x0000000090100000|100%| E|CS|TAMS 0x0000000090000000| PB 0x0000000090000000| Complete 
| 257|0x0000000090100000, 0x0000000090200000, 0x0000000090200000|100%| E|CS|TAMS 0x0000000090100000| PB 0x0000000090100000| Complete 
| 258|0x0000000090200000, 0x0000000090300000, 0x0000000090300000|100%| E|CS|TAMS 0x0000000090200000| PB 0x0000000090200000| Complete 
| 259|0x0000000090300000, 0x0000000090400000, 0x0000000090400000|100%| E|CS|TAMS 0x0000000090300000| PB 0x0000000090300000| Complete 
| 260|0x0000000090400000, 0x0000000090500000, 0x0000000090500000|100%| E|CS|TAMS 0x0000000090400000| PB 0x0000000090400000| Complete 
| 261|0x0000000090500000, 0x0000000090600000, 0x0000000090600000|100%| E|CS|TAMS 0x0000000090500000| PB 0x0000000090500000| Complete 
| 262|0x0000000090600000, 0x0000000090700000, 0x0000000090700000|100%| E|CS|TAMS 0x0000000090600000| PB 0x0000000090600000| Complete 
| 263|0x0000000090700000, 0x0000000090800000, 0x0000000090800000|100%| E|CS|TAMS 0x0000000090700000| PB 0x0000000090700000| Complete 
| 264|0x0000000090800000, 0x0000000090900000, 0x0000000090900000|100%| E|CS|TAMS 0x0000000090800000| PB 0x0000000090800000| Complete 
| 265|0x0000000090900000, 0x0000000090a00000, 0x0000000090a00000|100%| E|CS|TAMS 0x0000000090900000| PB 0x0000000090900000| Complete 
| 266|0x0000000090a00000, 0x0000000090b00000, 0x0000000090b00000|100%| E|CS|TAMS 0x0000000090a00000| PB 0x0000000090a00000| Complete 
| 267|0x0000000090b00000, 0x0000000090c00000, 0x0000000090c00000|100%| E|CS|TAMS 0x0000000090b00000| PB 0x0000000090b00000| Complete 
| 268|0x0000000090c00000, 0x0000000090d00000, 0x0000000090d00000|100%| E|CS|TAMS 0x0000000090c00000| PB 0x0000000090c00000| Complete 
| 269|0x0000000090d00000, 0x0000000090e00000, 0x0000000090e00000|100%| E|CS|TAMS 0x0000000090d00000| PB 0x0000000090d00000| Complete 
| 270|0x0000000090e00000, 0x0000000090f00000, 0x0000000090f00000|100%| E|CS|TAMS 0x0000000090e00000| PB 0x0000000090e00000| Complete 
| 271|0x0000000090f00000, 0x0000000091000000, 0x0000000091000000|100%| E|CS|TAMS 0x0000000090f00000| PB 0x0000000090f00000| Complete 
| 272|0x0000000091000000, 0x0000000091100000, 0x0000000091100000|100%| E|CS|TAMS 0x0000000091000000| PB 0x0000000091000000| Complete 
| 273|0x0000000091100000, 0x0000000091200000, 0x0000000091200000|100%| E|CS|TAMS 0x0000000091100000| PB 0x0000000091100000| Complete 
| 274|0x0000000091200000, 0x0000000091300000, 0x0000000091300000|100%| E|CS|TAMS 0x0000000091200000| PB 0x0000000091200000| Complete 
| 275|0x0000000091300000, 0x0000000091400000, 0x0000000091400000|100%| E|CS|TAMS 0x0000000091300000| PB 0x0000000091300000| Complete 
| 276|0x0000000091400000, 0x0000000091500000, 0x0000000091500000|100%| E|CS|TAMS 0x0000000091400000| PB 0x0000000091400000| Complete 
| 277|0x0000000091500000, 0x0000000091600000, 0x0000000091600000|100%| E|CS|TAMS 0x0000000091500000| PB 0x0000000091500000| Complete 
| 278|0x0000000091600000, 0x0000000091700000, 0x0000000091700000|100%| E|CS|TAMS 0x0000000091600000| PB 0x0000000091600000| Complete 
| 279|0x0000000091700000, 0x0000000091800000, 0x0000000091800000|100%| E|CS|TAMS 0x0000000091700000| PB 0x0000000091700000| Complete 
| 280|0x0000000091800000, 0x0000000091900000, 0x0000000091900000|100%| E|CS|TAMS 0x0000000091800000| PB 0x0000000091800000| Complete 
| 281|0x0000000091900000, 0x0000000091a00000, 0x0000000091a00000|100%| E|CS|TAMS 0x0000000091900000| PB 0x0000000091900000| Complete 
| 282|0x0000000091a00000, 0x0000000091b00000, 0x0000000091b00000|100%| E|CS|TAMS 0x0000000091a00000| PB 0x0000000091a00000| Complete 
| 283|0x0000000091b00000, 0x0000000091c00000, 0x0000000091c00000|100%| E|CS|TAMS 0x0000000091b00000| PB 0x0000000091b00000| Complete 
| 284|0x0000000091c00000, 0x0000000091d00000, 0x0000000091d00000|100%| E|CS|TAMS 0x0000000091c00000| PB 0x0000000091c00000| Complete 
| 285|0x0000000091d00000, 0x0000000091e00000, 0x0000000091e00000|100%| E|CS|TAMS 0x0000000091d00000| PB 0x0000000091d00000| Complete 
| 286|0x0000000091e00000, 0x0000000091f00000, 0x0000000091f00000|100%| E|CS|TAMS 0x0000000091e00000| PB 0x0000000091e00000| Complete 
| 287|0x0000000091f00000, 0x0000000092000000, 0x0000000092000000|100%| E|CS|TAMS 0x0000000091f00000| PB 0x0000000091f00000| Complete 
| 288|0x0000000092000000, 0x0000000092100000, 0x0000000092100000|100%| E|CS|TAMS 0x0000000092000000| PB 0x0000000092000000| Complete 
| 289|0x0000000092100000, 0x0000000092200000, 0x0000000092200000|100%| E|CS|TAMS 0x0000000092100000| PB 0x0000000092100000| Complete 
| 290|0x0000000092200000, 0x0000000092300000, 0x0000000092300000|100%| E|CS|TAMS 0x0000000092200000| PB 0x0000000092200000| Complete 
| 291|0x0000000092300000, 0x0000000092400000, 0x0000000092400000|100%| E|CS|TAMS 0x0000000092300000| PB 0x0000000092300000| Complete 
| 292|0x0000000092400000, 0x0000000092500000, 0x0000000092500000|100%| E|CS|TAMS 0x0000000092400000| PB 0x0000000092400000| Complete 
| 293|0x0000000092500000, 0x0000000092600000, 0x0000000092600000|100%| E|CS|TAMS 0x0000000092500000| PB 0x0000000092500000| Complete 
| 294|0x0000000092600000, 0x0000000092700000, 0x0000000092700000|100%| E|CS|TAMS 0x0000000092600000| PB 0x0000000092600000| Complete 
| 295|0x0000000092700000, 0x0000000092800000, 0x0000000092800000|100%| E|CS|TAMS 0x0000000092700000| PB 0x0000000092700000| Complete 
|2035|0x00000000ff300000, 0x00000000ff400000, 0x00000000ff400000|100%| O|Cm|TAMS 0x00000000ff300000| PB 0x00000000ff300000| Complete 
|2036|0x00000000ff400000, 0x00000000ff500000, 0x00000000ff500000|100%| O|  |TAMS 0x00000000ff400000| PB 0x00000000ff400000| Untracked 
|2037|0x00000000ff500000, 0x00000000ff600000, 0x00000000ff600000|100%| O|  |TAMS 0x00000000ff500000| PB 0x00000000ff500000| Untracked 
|2038|0x00000000ff600000, 0x00000000ff700000, 0x00000000ff700000|100%| O|  |TAMS 0x00000000ff600000| PB 0x00000000ff600000| Untracked 
|2039|0x00000000ff700000, 0x00000000ff800000, 0x00000000ff800000|100%| E|CS|TAMS 0x00000000ff700000| PB 0x00000000ff700000| Complete 
|2040|0x00000000ff800000, 0x00000000ff900000, 0x00000000ff900000|100%| E|CS|TAMS 0x00000000ff800000| PB 0x00000000ff800000| Complete 
|2041|0x00000000ff900000, 0x00000000ffa00000, 0x00000000ffa00000|100%| E|CS|TAMS 0x00000000ff900000| PB 0x00000000ff900000| Complete 
|2042|0x00000000ffa00000, 0x00000000ffb00000, 0x00000000ffb00000|100%| E|CS|TAMS 0x00000000ffa00000| PB 0x00000000ffa00000| Complete 
|2043|0x00000000ffb00000, 0x00000000ffc00000, 0x00000000ffc00000|100%| E|CS|TAMS 0x00000000ffb00000| PB 0x00000000ffb00000| Complete 
|2044|0x00000000ffc00000, 0x00000000ffd00000, 0x00000000ffd00000|100%| O|Cm|TAMS 0x00000000ffc00000| PB 0x00000000ffc00000| Complete 
|2045|0x00000000ffd00000, 0x00000000ffe00000, 0x00000000ffe00000|100%| O|Cm|TAMS 0x00000000ffd00000| PB 0x00000000ffd00000| Complete 
|2046|0x00000000ffe00000, 0x00000000fff00000, 0x00000000fff00000|100%| O|Cm|TAMS 0x00000000ffe00000| PB 0x00000000ffe00000| Complete 
|2047|0x00000000fff00000, 0x0000000100000000, 0x0000000100000000|100%| E|CS|TAMS 0x00000000fff00000| PB 0x00000000fff00000| Complete 

Card table byte_map: [0x0000022c35210000,0x0000022c35610000] _byte_map_base: 0x0000022c34e10000

Marking Bits: (CMBitMap*) 0x0000022c22d10180
 Bits: [0x0000022c35610000, 0x0000022c37610000)

Polling page: 0x0000022c22490000

Metaspace:

Usage:
  Non-class:    142.15 MB used.
      Class:     21.34 MB used.
       Both:    163.49 MB used.

Virtual space:
  Non-class space:      192.00 MB reserved,     143.31 MB ( 75%) committed,  3 nodes.
      Class space:        1.00 GB reserved,      22.50 MB (  2%) committed,  1 nodes.
             Both:        1.19 GB reserved,     165.81 MB ( 14%) committed. 

Chunk freelists:
   Non-Class:  613.00 KB
       Class:  9.32 MB
        Both:  9.92 MB

MaxMetaspaceSize: unlimited
CompressedClassSpaceSize: 1.00 GB
Initial GC threshold: 21.00 MB
Current GC threshold: 274.38 MB
CDS: off
 - commit_granule_bytes: 65536.
 - commit_granule_words: 8192.
 - virtual_space_node_default_size: 8388608.
 - enlarge_chunks_in_place: 1.
 - use_allocation_guard: 0.


Internal statistics:

num_allocs_failed_limit: 9.
num_arena_births: 4592.
num_arena_deaths: 0.
num_vsnodes_births: 4.
num_vsnodes_deaths: 0.
num_space_committed: 2651.
num_space_uncommitted: 0.
num_chunks_returned_to_freelist: 9.
num_chunks_taken_from_freelist: 11436.
num_chunk_merges: 9.
num_chunk_splits: 7812.
num_chunks_enlarged: 5230.
num_inconsistent_stats: 0.

CodeHeap 'non-profiled nmethods': size=120000Kb used=10916Kb max_used=12655Kb free=109083Kb
 bounds [0x0000022c2d8e0000, 0x0000022c2e540000, 0x0000022c34e10000]
CodeHeap 'profiled nmethods': size=120000Kb used=28037Kb max_used=35659Kb free=91962Kb
 bounds [0x0000022c25e10000, 0x0000022c280f0000, 0x0000022c2d340000]
CodeHeap 'non-nmethods': size=5760Kb used=2186Kb max_used=2287Kb free=3573Kb
 bounds [0x0000022c2d340000, 0x0000022c2d5b0000, 0x0000022c2d8e0000]
 total_blobs=14764 nmethods=13848 adapters=819
 compilation: enabled
              stopped_count=0, restarted_count=0
 full_count=0

Compilation events (20 events):
Event: 247.718 Thread 0x0000022c3e0ab9f0 nmethod 21725 0x0000022c2dad9e10 code [0x0000022c2dad9fa0, 0x0000022c2dada048]
Event: 247.718 Thread 0x0000022c3e0ab9f0 21731       1       com.google.wireless.android.sdk.stats.GradleBuildMemorySample::getUnknownFields (5 bytes)
Event: 247.718 Thread 0x0000022c3e0ab9f0 nmethod 21731 0x0000022c2dada410 code [0x0000022c2dada5a0, 0x0000022c2dada668]
Event: 247.718 Thread 0x0000022c3e0ab9f0 21735       1       com.google.wireless.android.sdk.stats.GradleTaskExecution::getUnknownFields (5 bytes)
Event: 247.718 Thread 0x0000022c3e0ab9f0 nmethod 21735 0x0000022c2dae5010 code [0x0000022c2dae51a0, 0x0000022c2dae5268]
Event: 247.730 Thread 0x0000022c3e0ab9f0 21737       3       org.gradle.internal.serialize.AbstractCollectionSerializer::write (10 bytes)
Event: 247.730 Thread 0x0000022c3e0ab9f0 nmethod 21737 0x0000022c26751110 code [0x0000022c267512c0, 0x0000022c26751570]
Event: 247.730 Thread 0x0000022c457eb3d0 21715       4       java.lang.String::valueOf (15 bytes)
Event: 247.731 Thread 0x0000022c457eb3d0 nmethod 21715 0x0000022c2daf3710 code [0x0000022c2daf38a0, 0x0000022c2daf3940]
Event: 247.731 Thread 0x0000022c457eb3d0 21732       4       com.google.protobuf.CodedOutputStream$ArrayEncoder::spaceLeft (10 bytes)
Event: 247.731 Thread 0x0000022c457eb3d0 nmethod 21732 0x0000022c2daf4610 code [0x0000022c2daf47a0, 0x0000022c2daf4830]
Event: 247.731 Thread 0x0000022c457eb3d0 21736       4       org.gradle.internal.logging.text.AbstractLineChoppingStyledTextOutput$SeenFromEol::add (18 bytes)
Event: 247.732 Thread 0x0000022c457eb3d0 nmethod 21736 0x0000022c2d9ea790 code [0x0000022c2d9ea920, 0x0000022c2d9eaa00]
Event: 247.732 Thread 0x0000022c457eb3d0 21710   !   4       org.gradle.api.internal.provider.AbstractProperty::doCalculateValue (49 bytes)
Event: 247.733 Thread 0x0000022c457eb3d0 nmethod 21710 0x0000022c2dad2790 code [0x0000022c2dad2940, 0x0000022c2dad2a88]
Event: 247.733 Thread 0x0000022c3e0ab9f0 21738       3       org.gradle.internal.serialize.kryo.KryoBackedEncoder::writeInt (9 bytes)
Event: 247.734 Thread 0x0000022c3e0ab9f0 nmethod 21738 0x0000022c26422790 code [0x0000022c26422940, 0x0000022c26422a98]
Event: 247.734 Thread 0x0000022c3e0ab9f0 21739       3       org.gradle.internal.logging.serializer.StyledTextOutputEventSerializer::write (10 bytes)
Event: 247.734 Thread 0x0000022c3e0ab9f0 nmethod 21739 0x0000022c260d0d90 code [0x0000022c260d0f40, 0x0000022c260d1170]
Event: 247.734 Thread 0x0000022c3e0ab9f0 21740       3       org.gradle.internal.logging.serializer.StyledTextOutputEventSerializer::write (86 bytes)

GC Heap History (20 events):
Event: 32.112 GC heap before
{Heap before GC invocations=39 (full 0):
 garbage-first heap   total 245760K, used 213504K [0x0000000080000000, 0x0000000100000000)
  region size 1024K, 100 young (102400K), 8 survivors (8192K)
 Metaspace       used 119316K, committed 121472K, reserved 1179648K
  class space    used 16252K, committed 17344K, reserved 1048576K
}
Event: 32.132 GC heap after
{Heap after GC invocations=40 (full 0):
 garbage-first heap   total 245760K, used 125328K [0x0000000080000000, 0x0000000100000000)
  region size 1024K, 13 young (13312K), 13 survivors (13312K)
 Metaspace       used 119316K, committed 121472K, reserved 1179648K
  class space    used 16252K, committed 17344K, reserved 1048576K
}
Event: 45.189 GC heap before
{Heap before GC invocations=41 (full 0):
 garbage-first heap   total 245760K, used 223632K [0x0000000080000000, 0x0000000100000000)
  region size 1024K, 103 young (105472K), 13 survivors (13312K)
 Metaspace       used 126547K, committed 128832K, reserved 1179648K
  class space    used 17129K, committed 18304K, reserved 1048576K
}
Event: 45.208 GC heap after
{Heap after GC invocations=42 (full 0):
 garbage-first heap   total 245760K, used 128766K [0x0000000080000000, 0x0000000100000000)
  region size 1024K, 6 young (6144K), 6 survivors (6144K)
 Metaspace       used 126547K, committed 128832K, reserved 1179648K
  class space    used 17129K, committed 18304K, reserved 1048576K
}
Event: 47.299 GC heap before
{Heap before GC invocations=42 (full 0):
 garbage-first heap   total 245760K, used 230142K [0x0000000080000000, 0x0000000100000000)
  region size 1024K, 95 young (97280K), 6 survivors (6144K)
 Metaspace       used 133336K, committed 135616K, reserved 1179648K
  class space    used 17751K, committed 18944K, reserved 1048576K
}
Event: 47.329 GC heap after
{Heap after GC invocations=43 (full 0):
 garbage-first heap   total 254976K, used 149504K [0x0000000080000000, 0x0000000100000000)
  region size 1024K, 12 young (12288K), 12 survivors (12288K)
 Metaspace       used 133336K, committed 135616K, reserved 1179648K
  class space    used 17751K, committed 18944K, reserved 1048576K
}
Event: 48.835 GC heap before
{Heap before GC invocations=43 (full 0):
 garbage-first heap   total 254976K, used 225280K [0x0000000080000000, 0x0000000100000000)
  region size 1024K, 86 young (88064K), 12 survivors (12288K)
 Metaspace       used 141265K, committed 143552K, reserved 1179648K
  class space    used 18672K, committed 19840K, reserved 1048576K
}
Event: 48.859 GC heap after
{Heap after GC invocations=44 (full 0):
 garbage-first heap   total 254976K, used 154034K [0x0000000080000000, 0x0000000100000000)
  region size 1024K, 4 young (4096K), 4 survivors (4096K)
 Metaspace       used 141265K, committed 143552K, reserved 1179648K
  class space    used 18672K, committed 19840K, reserved 1048576K
}
Event: 50.480 GC heap before
{Heap before GC invocations=45 (full 0):
 garbage-first heap   total 270336K, used 229810K [0x0000000080000000, 0x0000000100000000)
  region size 1024K, 78 young (79872K), 4 survivors (4096K)
 Metaspace       used 145519K, committed 147840K, reserved 1179648K
  class space    used 19401K, committed 20608K, reserved 1048576K
}
Event: 50.491 GC heap after
{Heap after GC invocations=46 (full 0):
 garbage-first heap   total 270336K, used 155027K [0x0000000080000000, 0x0000000100000000)
  region size 1024K, 5 young (5120K), 5 survivors (5120K)
 Metaspace       used 145519K, committed 147840K, reserved 1179648K
  class space    used 19401K, committed 20608K, reserved 1048576K
}
Event: 230.886 GC heap before
{Heap before GC invocations=46 (full 0):
 garbage-first heap   total 270336K, used 245139K [0x0000000080000000, 0x0000000100000000)
  region size 1024K, 94 young (96256K), 5 survivors (5120K)
 Metaspace       used 152192K, committed 154560K, reserved 1245184K
  class space    used 20043K, committed 21248K, reserved 1048576K
}
Event: 230.910 GC heap after
{Heap after GC invocations=47 (full 0):
 garbage-first heap   total 270336K, used 153181K [0x0000000080000000, 0x0000000100000000)
  region size 1024K, 7 young (7168K), 7 survivors (7168K)
 Metaspace       used 152192K, committed 154560K, reserved 1245184K
  class space    used 20043K, committed 21248K, reserved 1048576K
}
Event: 233.882 GC heap before
{Heap before GC invocations=47 (full 0):
 garbage-first heap   total 270336K, used 246365K [0x0000000080000000, 0x0000000100000000)
  region size 1024K, 99 young (101376K), 7 survivors (7168K)
 Metaspace       used 152748K, committed 155136K, reserved 1245184K
  class space    used 20046K, committed 21248K, reserved 1048576K
}
Event: 233.911 GC heap after
{Heap after GC invocations=48 (full 0):
 garbage-first heap   total 270336K, used 163180K [0x0000000080000000, 0x0000000100000000)
  region size 1024K, 13 young (13312K), 13 survivors (13312K)
 Metaspace       used 152748K, committed 155136K, reserved 1245184K
  class space    used 20046K, committed 21248K, reserved 1048576K
}
Event: 238.450 GC heap before
{Heap before GC invocations=49 (full 0):
 garbage-first heap   total 288768K, used 245100K [0x0000000080000000, 0x0000000100000000)
  region size 1024K, 89 young (91136K), 13 survivors (13312K)
 Metaspace       used 153087K, committed 155392K, reserved 1245184K
  class space    used 20069K, committed 21248K, reserved 1048576K
}
Event: 238.478 GC heap after
{Heap after GC invocations=50 (full 0):
 garbage-first heap   total 288768K, used 168960K [0x0000000080000000, 0x0000000100000000)
  region size 1024K, 6 young (6144K), 6 survivors (6144K)
 Metaspace       used 153087K, committed 155392K, reserved 1245184K
  class space    used 20069K, committed 21248K, reserved 1048576K
}
Event: 240.044 GC heap before
{Heap before GC invocations=50 (full 0):
 garbage-first heap   total 288768K, used 269312K [0x0000000080000000, 0x0000000100000000)
  region size 1024K, 99 young (101376K), 6 survivors (6144K)
 Metaspace       used 160922K, committed 163264K, reserved 1245184K
  class space    used 20908K, committed 22080K, reserved 1048576K
}
Event: 240.066 GC heap after
{Heap after GC invocations=51 (full 0):
 garbage-first heap   total 292864K, used 184320K [0x0000000080000000, 0x0000000100000000)
  region size 1024K, 13 young (13312K), 13 survivors (13312K)
 Metaspace       used 160922K, committed 163264K, reserved 1245184K
  class space    used 20908K, committed 22080K, reserved 1048576K
}
Event: 241.331 GC heap before
{Heap before GC invocations=51 (full 0):
 garbage-first heap   total 292864K, used 264192K [0x0000000080000000, 0x0000000100000000)
  region size 1024K, 91 young (93184K), 13 survivors (13312K)
 Metaspace       used 165667K, committed 168064K, reserved 1245184K
  class space    used 21521K, committed 22720K, reserved 1048576K
}
Event: 241.355 GC heap after
{Heap after GC invocations=52 (full 0):
 garbage-first heap   total 292864K, used 189354K [0x0000000080000000, 0x0000000100000000)
  region size 1024K, 4 young (4096K), 4 survivors (4096K)
 Metaspace       used 165667K, committed 168064K, reserved 1245184K
  class space    used 21521K, committed 22720K, reserved 1048576K
}

Dll operation events (3 events):
Event: 0.008 Loaded shared library C:\Program Files\Android\Android Studio\jbr\bin\java.dll
Event: 0.014 Loaded shared library C:\Program Files\Android\Android Studio\jbr\bin\zip.dll
Event: 0.836 Loaded shared library C:\Program Files\Android\Android Studio\jbr\bin\verify.dll

Deoptimization events (20 events):
Event: 242.784 Thread 0x0000022c41a69ec0 Uncommon trap: trap_request=0xffffff45 fr.pc=0x0000022c2e1b4000 relative=0x0000000000000060
Event: 242.784 Thread 0x0000022c41a69ec0 Uncommon trap: reason=unstable_if action=reinterpret pc=0x0000022c2e1b4000 method=java.lang.String.valueOf(Ljava/lang/Object;)Ljava/lang/String; @ 1 c2
Event: 242.784 Thread 0x0000022c41a69ec0 DEOPT PACKING pc=0x0000022c2e1b4000 sp=0x000000ca0c7fdee0
Event: 242.784 Thread 0x0000022c41a69ec0 DEOPT UNPACKING pc=0x0000022c2d3946a2 sp=0x000000ca0c7fde80 mode 2
Event: 247.653 Thread 0x0000022c41a69ec0 Uncommon trap: trap_request=0xffffffc6 fr.pc=0x0000022c2db2db58 relative=0x0000000000000958
Event: 247.653 Thread 0x0000022c41a69ec0 Uncommon trap: reason=bimorphic_or_optimized_type_check action=maybe_recompile pc=0x0000022c2db2db58 method=java.lang.Throwable.<init>(Ljava/lang/String;Ljava/lang/Throwable;)V @ 24 c2
Event: 247.653 Thread 0x0000022c41a69ec0 DEOPT PACKING pc=0x0000022c2db2db58 sp=0x000000ca0c7fe070
Event: 247.653 Thread 0x0000022c41a69ec0 DEOPT UNPACKING pc=0x0000022c2d3946a2 sp=0x000000ca0c7fe038 mode 2
Event: 247.653 Thread 0x0000022c411ae0b0 Uncommon trap: trap_request=0xffffffc6 fr.pc=0x0000022c2db2db58 relative=0x0000000000000958
Event: 247.653 Thread 0x0000022c411ae0b0 Uncommon trap: reason=bimorphic_or_optimized_type_check action=maybe_recompile pc=0x0000022c2db2db58 method=java.lang.Throwable.<init>(Ljava/lang/String;Ljava/lang/Throwable;)V @ 24 c2
Event: 247.653 Thread 0x0000022c411ae0b0 DEOPT PACKING pc=0x0000022c2db2db58 sp=0x000000ca0aafa7b0
Event: 247.653 Thread 0x0000022c411ae0b0 DEOPT UNPACKING pc=0x0000022c2d3946a2 sp=0x000000ca0aafa778 mode 2
Event: 247.687 Thread 0x0000022c4b71ca80 Uncommon trap: trap_request=0xffffffde fr.pc=0x0000022c2dcf9298 relative=0x0000000000000818
Event: 247.687 Thread 0x0000022c4b71ca80 Uncommon trap: reason=class_check action=maybe_recompile pc=0x0000022c2dcf9298 method=java.security.MessageDigest$Delegate.clone()Ljava/lang/Object; @ 15 c2
Event: 247.687 Thread 0x0000022c4b71ca80 DEOPT PACKING pc=0x0000022c2dcf9298 sp=0x000000ca08dfb250
Event: 247.687 Thread 0x0000022c4b71ca80 DEOPT UNPACKING pc=0x0000022c2d3946a2 sp=0x000000ca08dfb228 mode 2
Event: 247.712 Thread 0x0000022c453c4ac0 Uncommon trap: trap_request=0xffffff45 fr.pc=0x0000022c2dd1f9a4 relative=0x0000000000000264
Event: 247.712 Thread 0x0000022c453c4ac0 Uncommon trap: reason=unstable_if action=reinterpret pc=0x0000022c2dd1f9a4 method=java.lang.ThreadLocal.get(Ljava/lang/Thread;)Ljava/lang/Object; @ 7 c2
Event: 247.712 Thread 0x0000022c453c4ac0 DEOPT PACKING pc=0x0000022c2dd1f9a4 sp=0x000000ca09cfeb30
Event: 247.712 Thread 0x0000022c453c4ac0 DEOPT UNPACKING pc=0x0000022c2d3946a2 sp=0x000000ca09cfe938 mode 2

Classes loaded (20 events):
Event: 60.928 Loading class java/net/UrlDeserializedState
Event: 60.929 Loading class java/net/UrlDeserializedState done
Event: 61.115 Loading class java/util/concurrent/CompletableFuture$AsyncRun
Event: 61.115 Loading class java/util/concurrent/CompletableFuture$AsyncRun done
Event: 61.115 Loading class java/util/concurrent/ForkJoinTask$Aux
Event: 61.115 Loading class java/util/concurrent/ForkJoinTask$Aux done
Event: 63.533 Loading class java/lang/StackStreamFactory
Event: 63.534 Loading class java/lang/StackStreamFactory done
Event: 63.535 Loading class java/lang/StackWalker$ExtendedOption
Event: 63.535 Loading class java/lang/StackWalker$ExtendedOption done
Event: 63.535 Loading class java/lang/StackStreamFactory$StackFrameTraverser
Event: 63.536 Loading class java/lang/StackStreamFactory$StackFrameTraverser done
Event: 63.536 Loading class java/lang/StackStreamFactory$WalkerState
Event: 63.536 Loading class java/lang/StackStreamFactory$WalkerState done
Event: 63.536 Loading class java/lang/StackStreamFactory$StackFrameTraverser$StackFrameBuffer
Event: 63.536 Loading class java/lang/StackStreamFactory$FrameBuffer
Event: 63.536 Loading class java/lang/StackStreamFactory$FrameBuffer done
Event: 63.536 Loading class java/lang/StackStreamFactory$StackFrameTraverser$StackFrameBuffer done
Event: 230.858 Loading class jdk/internal/math/FormattedFPDecimal
Event: 230.858 Loading class jdk/internal/math/FormattedFPDecimal done

Classes unloaded (0 events):
No events

Classes redefined (0 events):
No events

Internal exceptions (20 events):
Event: 242.149 Thread 0x0000022c426cb250 Exception <a 'sun/nio/fs/WindowsException'{0x0000000091fa9308}> (0x0000000091fa9308) 
thrown [s\src\hotspot\share\prims\jni.cpp, line 535]
Event: 242.149 Thread 0x0000022c426cb250 Exception <a 'sun/nio/fs/WindowsException'{0x0000000091fa9b88}> (0x0000000091fa9b88) 
thrown [s\src\hotspot\share\prims\jni.cpp, line 535]
Event: 242.149 Thread 0x0000022c426cb250 Exception <a 'sun/nio/fs/WindowsException'{0x0000000091faa550}> (0x0000000091faa550) 
thrown [s\src\hotspot\share\prims\jni.cpp, line 535]
Event: 242.159 Thread 0x0000022c426cb250 Exception <a 'sun/nio/fs/WindowsException'{0x0000000091e6e808}> (0x0000000091e6e808) 
thrown [s\src\hotspot\share\prims\jni.cpp, line 535]
Event: 242.159 Thread 0x0000022c426cb250 Exception <a 'sun/nio/fs/WindowsException'{0x0000000091e6f290}> (0x0000000091e6f290) 
thrown [s\src\hotspot\share\prims\jni.cpp, line 535]
Event: 242.170 Thread 0x0000022c426cb250 Exception <a 'sun/nio/fs/WindowsException'{0x0000000091d30568}> (0x0000000091d30568) 
thrown [s\src\hotspot\share\prims\jni.cpp, line 535]
Event: 242.170 Thread 0x0000022c426cb250 Exception <a 'sun/nio/fs/WindowsException'{0x0000000091d30fe8}> (0x0000000091d30fe8) 
thrown [s\src\hotspot\share\prims\jni.cpp, line 535]
Event: 242.209 Thread 0x0000022c426cb250 Exception <a 'sun/nio/fs/WindowsException'{0x0000000091bcc7e0}> (0x0000000091bcc7e0) 
thrown [s\src\hotspot\share\prims\jni.cpp, line 535]
Event: 242.209 Thread 0x0000022c426cb250 Exception <a 'sun/nio/fs/WindowsException'{0x0000000091bcd250}> (0x0000000091bcd250) 
thrown [s\src\hotspot\share\prims\jni.cpp, line 535]
Event: 242.236 Thread 0x0000022c426cb250 Exception <a 'sun/nio/fs/WindowsException'{0x0000000091998a38}> (0x0000000091998a38) 
thrown [s\src\hotspot\share\prims\jni.cpp, line 535]
Event: 242.360 Thread 0x0000022c426cb250 Exception <a 'sun/nio/fs/WindowsException'{0x0000000090b65110}> (0x0000000090b65110) 
thrown [s\src\hotspot\share\prims\jni.cpp, line 535]
Event: 242.459 Thread 0x0000022c426cb250 Exception <a 'java/lang/IncompatibleClassChangeError'{0x000000009024b8c0}: Found class java.lang.Object, but interface was expected> (0x000000009024b8c0) 
thrown [s\src\hotspot\share\interpreter\linkResolver.cpp, line 851]
Event: 242.459 Thread 0x0000022c426cb250 Exception <a 'java/lang/IncompatibleClassChangeError'{0x000000009024e288}: Found class java.lang.Object, but interface was expected> (0x000000009024e288) 
thrown [s\src\hotspot\share\interpreter\linkResolver.cpp, line 851]
Event: 242.459 Thread 0x0000022c426cb250 Exception <a 'java/lang/IncompatibleClassChangeError'{0x0000000090250878}: Found class java.lang.Object, but interface was expected> (0x0000000090250878) 
thrown [s\src\hotspot\share\interpreter\linkResolver.cpp, line 851]
Event: 242.463 Thread 0x0000022c426cb250 Exception <a 'sun/nio/fs/WindowsException'{0x0000000090290ed8}> (0x0000000090290ed8) 
thrown [s\src\hotspot\share\prims\jni.cpp, line 535]
Event: 242.768 Thread 0x0000022c411ae0b0 Exception <a 'java/lang/NoSuchMethodError'{0x000000008f3f1e80}: static Ljava/lang/Object;.<clinit>()V> (0x000000008f3f1e80) 
thrown [s\src\hotspot\share\prims\jni.cpp, line 1126]
Event: 242.769 Thread 0x0000022c411ae0b0 Exception <a 'java/lang/NoSuchMethodError'{0x000000008f208ba8}: static Lorg/jetbrains/kotlin/incremental/ClasspathChanges$ClasspathSnapshotEnabled$NotAvailableForNonIncrementalRun;.<clinit>()V> (0x000000008f208ba8) 
thrown [s\src\hotspot\share\prims\jni.cpp, line 1126]
Event: 247.680 Thread 0x0000022c4b71ca80 Exception <a 'sun/nio/fs/WindowsException'{0x000000008ec24f00}> (0x000000008ec24f00) 
thrown [s\src\hotspot\share\prims\jni.cpp, line 535]
Event: 247.712 Thread 0x0000022c453c4ac0 Implicit null exception at 0x0000022c2dd1f76c to 0x0000022c2dd1f994
Event: 247.713 Thread 0x0000022c453c4ac0 Exception <a 'sun/nio/fs/WindowsException'{0x000000008ec778a0}> (0x000000008ec778a0) 
thrown [s\src\hotspot\share\prims\jni.cpp, line 535]

ZGC Phase Switch (0 events):
No events

VM Operations (20 events):
Event: 240.603 Executing VM operation: ICBufferFull
Event: 240.603 Executing VM operation: ICBufferFull done
Event: 240.798 Executing VM operation: HandshakeAllThreads (Deoptimize)
Event: 240.799 Executing VM operation: HandshakeAllThreads (Deoptimize) done
Event: 241.167 Executing VM operation: HandshakeAllThreads (Deoptimize)
Event: 241.168 Executing VM operation: HandshakeAllThreads (Deoptimize) done
Event: 241.179 Executing VM operation: HandshakeAllThreads (Deoptimize)
Event: 241.179 Executing VM operation: HandshakeAllThreads (Deoptimize) done
Event: 241.216 Executing VM operation: HandshakeAllThreads (Deoptimize)
Event: 241.216 Executing VM operation: HandshakeAllThreads (Deoptimize) done
Event: 241.331 Executing VM operation: G1CollectForAllocation (G1 Evacuation Pause)
Event: 241.362 Executing VM operation: G1CollectForAllocation (G1 Evacuation Pause) done
Event: 241.718 Executing VM operation: G1PauseRemark
Event: 241.840 Executing VM operation: G1PauseRemark done
Event: 242.045 Executing VM operation: G1PauseCleanup
Event: 242.046 Executing VM operation: G1PauseCleanup done
Event: 242.429 Executing VM operation: ICBufferFull
Event: 242.429 Executing VM operation: ICBufferFull done
Event: 244.429 Executing VM operation: Cleanup
Event: 244.430 Executing VM operation: Cleanup done

Events (20 events):
Event: 241.832 Thread 0x0000022c3e01cf80 flushing nmethod 0x0000022c2d8f4990
Event: 241.832 Thread 0x0000022c3e01cf80 flushing nmethod 0x0000022c2d8f2a90
Event: 241.832 Thread 0x0000022c3e01cf80 flushing nmethod 0x0000022c2d8ede90
Event: 241.832 Thread 0x0000022c3e01cf80 flushing nmethod 0x0000022c2d8e9a10
Event: 241.832 Thread 0x0000022c3e01cf80 flushing nmethod 0x0000022c2d8eb990
Event: 241.832 Thread 0x0000022c3e01cf80 flushing nmethod 0x0000022c2d8eaf10
Event: 241.832 Thread 0x0000022c3e01cf80 flushing nmethod 0x0000022c2d8e7e90
Event: 241.832 Thread 0x0000022c3e01cf80 flushing nmethod 0x0000022c2d8ea410
Event: 241.966 Thread 0x0000022c42a86d90 Thread exited: 0x0000022c42a86d90
Event: 242.132 Thread 0x0000022c457e8af0 Thread added: 0x0000022c457e8af0
Event: 242.769 Thread 0x0000022c453bfc00 Thread added: 0x0000022c453bfc00
Event: 242.777 Thread 0x0000022c453c78b0 Thread added: 0x0000022c453c78b0
Event: 242.795 Thread 0x0000022c453c2360 Thread added: 0x0000022c453c2360
Event: 247.662 Thread 0x0000022c457e8af0 Thread exited: 0x0000022c457e8af0
Event: 247.668 Thread 0x0000022c411a6a90 Thread exited: 0x0000022c411a6a90
Event: 247.669 Thread 0x0000022c411aac30 Thread exited: 0x0000022c411aac30
Event: 247.669 Thread 0x0000022c411abfe0 Thread exited: 0x0000022c411abfe0
Event: 247.710 Thread 0x0000022c453c4ac0 Thread added: 0x0000022c453c4ac0
Event: 247.719 Thread 0x0000022c453c4ac0 Thread exited: 0x0000022c453c4ac0
Event: 247.730 Thread 0x0000022c457eb3d0 Thread added: 0x0000022c457eb3d0


Dynamic libraries:
0x00007ff77d060000 - 0x00007ff77d06a000 	C:\Program Files\Android\Android Studio\jbr\bin\java.exe
0x00007ffe170c0000 - 0x00007ffe172c9000 	C:\Windows\SYSTEM32\ntdll.dll
0x00007ffe14f60000 - 0x00007ffe1501d000 	C:\Windows\System32\KERNEL32.DLL
0x00007ffe14ac0000 - 0x00007ffe14e39000 	C:\Windows\System32\KERNELBASE.dll
0x00007ffe14840000 - 0x00007ffe14951000 	C:\Windows\System32\ucrtbase.dll
0x00007ffe06040000 - 0x00007ffe06058000 	C:\Program Files\Android\Android Studio\jbr\bin\jli.dll
0x00007ffe165b0000 - 0x00007ffe1675c000 	C:\Windows\System32\USER32.dll
0x00007ffe145b0000 - 0x00007ffe145d6000 	C:\Windows\System32\win32u.dll
0x00007ffe15020000 - 0x00007ffe15049000 	C:\Windows\System32\GDI32.dll
0x00007ffe14e40000 - 0x00007ffe14f52000 	C:\Windows\System32\gdi32full.dll
0x00007ffdfcda0000 - 0x00007ffdfd045000 	C:\Windows\WinSxS\amd64_microsoft.windows.common-controls_6595b64144ccf1df_6.0.22000.120_none_9d947278b86cc467\COMCTL32.dll
0x00007ffe06df0000 - 0x00007ffe06e0b000 	C:\Program Files\Android\Android Studio\jbr\bin\VCRUNTIME140.dll
0x00007ffe14960000 - 0x00007ffe149fd000 	C:\Windows\System32\msvcp_win.dll
0x00007ffe15e70000 - 0x00007ffe15f13000 	C:\Windows\System32\msvcrt.dll
0x00007ffe154d0000 - 0x00007ffe15501000 	C:\Windows\System32\IMM32.DLL
0x00007ffe12550000 - 0x00007ffe1255c000 	C:\Program Files\Android\Android Studio\jbr\bin\vcruntime140_1.dll
0x00007ffdf8800000 - 0x00007ffdf888d000 	C:\Program Files\Android\Android Studio\jbr\bin\msvcp140.dll
0x00007ffddae30000 - 0x00007ffddbaad000 	C:\Program Files\Android\Android Studio\jbr\bin\server\jvm.dll
0x00007ffe155d0000 - 0x00007ffe1567e000 	C:\Windows\System32\ADVAPI32.dll
0x00007ffe153d0000 - 0x00007ffe1546e000 	C:\Windows\System32\sechost.dll
0x00007ffe16400000 - 0x00007ffe16520000 	C:\Windows\System32\RPCRT4.dll
0x00007ffe15c40000 - 0x00007ffe15caf000 	C:\Windows\System32\WS2_32.dll
0x00007ffe0b060000 - 0x00007ffe0b06a000 	C:\Windows\SYSTEM32\VERSION.dll
0x00007ffe0ecb0000 - 0x00007ffe0ece3000 	C:\Windows\SYSTEM32\WINMM.dll
0x00007ffe12fb0000 - 0x00007ffe12ffd000 	C:\Windows\SYSTEM32\POWRPROF.dll
0x00007ffe130a0000 - 0x00007ffe130b3000 	C:\Windows\SYSTEM32\UMPDC.dll
0x00007ffe137a0000 - 0x00007ffe137b8000 	C:\Windows\SYSTEM32\kernel.appcore.dll
0x00007ffe0fe10000 - 0x00007ffe0fe1a000 	C:\Program Files\Android\Android Studio\jbr\bin\jimage.dll
0x00007ffdf6c70000 - 0x00007ffdf6e91000 	C:\Windows\SYSTEM32\DBGHELP.DLL
0x00007ffdfa290000 - 0x00007ffdfa2c1000 	C:\Windows\SYSTEM32\dbgcore.DLL
0x00007ffe147c0000 - 0x00007ffe1483f000 	C:\Windows\System32\bcryptPrimitives.dll
0x00007ffe12500000 - 0x00007ffe1250e000 	C:\Program Files\Android\Android Studio\jbr\bin\instrument.dll
0x00007ffe00460000 - 0x00007ffe0047f000 	C:\Program Files\Android\Android Studio\jbr\bin\java.dll
0x00007ffdffd90000 - 0x00007ffdffda8000 	C:\Program Files\Android\Android Studio\jbr\bin\zip.dll
0x00007ffe167e0000 - 0x00007ffe16f8f000 	C:\Windows\System32\SHELL32.dll
0x00007ffe12730000 - 0x00007ffe12f98000 	C:\Windows\SYSTEM32\windows.storage.dll
0x00007ffe15050000 - 0x00007ffe153c8000 	C:\Windows\System32\combase.dll
0x00007ffe125c0000 - 0x00007ffe12726000 	C:\Windows\SYSTEM32\wintypes.dll
0x00007ffe160e0000 - 0x00007ffe161ca000 	C:\Windows\System32\SHCORE.dll
0x00007ffe16540000 - 0x00007ffe1659d000 	C:\Windows\System32\shlwapi.dll
0x00007ffe144e0000 - 0x00007ffe14501000 	C:\Windows\SYSTEM32\profapi.dll
0x00007ffe0f000000 - 0x00007ffe0f010000 	C:\Program Files\Android\Android Studio\jbr\bin\net.dll
0x00007ffe11b00000 - 0x00007ffe11c0c000 	C:\Windows\SYSTEM32\WINHTTP.dll
0x00007ffe13bd0000 - 0x00007ffe13c37000 	C:\Windows\system32\mswsock.dll
0x00007ffdfdff0000 - 0x00007ffdfe006000 	C:\Program Files\Android\Android Studio\jbr\bin\nio.dll
0x00007ffe12460000 - 0x00007ffe12470000 	C:\Program Files\Android\Android Studio\jbr\bin\verify.dll
0x00007ffe00f60000 - 0x00007ffe00f87000 	C:\Users\ThinkPad T470\.gradle\native\c067742578af261105cb4f569cf0c3c89f3d7b1fecec35dd04571415982c5e48\windows-amd64\native-platform.dll
0x00007ffde87d0000 - 0x00007ffde8914000 	C:\Users\ThinkPad T470\.gradle\native\100fb08df4bc3b14c8652ba06237920a3bd2aa13389f12d3474272988ae205f9\windows-amd64\native-platform-file-events.dll
0x00007ffe06d00000 - 0x00007ffe06d09000 	C:\Program Files\Android\Android Studio\jbr\bin\management.dll
0x00007ffe06910000 - 0x00007ffe0691b000 	C:\Program Files\Android\Android Studio\jbr\bin\management_ext.dll
0x00007ffe165a0000 - 0x00007ffe165a8000 	C:\Windows\System32\PSAPI.DLL
0x00007ffe13e10000 - 0x00007ffe13e28000 	C:\Windows\SYSTEM32\CRYPTSP.dll
0x00007ffe13700000 - 0x00007ffe13735000 	C:\Windows\system32\rsaenh.dll
0x00007ffe13cc0000 - 0x00007ffe13ce9000 	C:\Windows\SYSTEM32\USERENV.dll
0x00007ffe13f90000 - 0x00007ffe13fb7000 	C:\Windows\SYSTEM32\bcrypt.dll
0x00007ffe13e30000 - 0x00007ffe13e3c000 	C:\Windows\SYSTEM32\CRYPTBASE.dll
0x00007ffe132d0000 - 0x00007ffe132fd000 	C:\Windows\SYSTEM32\IPHLPAPI.DLL
0x00007ffe15e60000 - 0x00007ffe15e69000 	C:\Windows\System32\NSI.dll
0x00007ffe070c0000 - 0x00007ffe070c9000 	C:\Program Files\Android\Android Studio\jbr\bin\extnet.dll
0x00007ffe0c7d0000 - 0x00007ffe0c7d8000 	C:\Windows\system32\wshunix.dll
0x00007ffdfe620000 - 0x00007ffdfe637000 	C:\Windows\system32\napinsp.dll
0x00007ffdfe600000 - 0x00007ffdfe61b000 	C:\Windows\system32\pnrpnsp.dll
0x00007ffe13340000 - 0x00007ffe13428000 	C:\Windows\SYSTEM32\DNSAPI.dll
0x00007ffdfe5e0000 - 0x00007ffdfe5f2000 	C:\Windows\System32\winrnr.dll
0x00007ffdfe5c0000 - 0x00007ffdfe5d5000 	C:\Windows\system32\wshbth.dll
0x00007ffdfe5a0000 - 0x00007ffdfe5bf000 	C:\Windows\system32\nlansp_c.dll
0x00007ffe06870000 - 0x00007ffe0687a000 	C:\Windows\System32\rasadhlp.dll
0x00007ffe07600000 - 0x00007ffe07681000 	C:\Windows\System32\fwpuclnt.dll
0x00007ffe0e530000 - 0x00007ffe0e54e000 	C:\Temp\native-platform3329239403138814887dir\native-platform.dll
0x00007ffe11f10000 - 0x00007ffe11f17000 	C:\Program Files\Android\Android Studio\jbr\bin\rmi.dll

dbghelp: loaded successfully - version: 4.0.5 - missing functions: none
symbol engine: initialized successfully - sym options: 0x614 - pdb path: .;C:\Program Files\Android\Android Studio\jbr\bin;C:\Windows\SYSTEM32;C:\Windows\WinSxS\amd64_microsoft.windows.common-controls_6595b64144ccf1df_6.0.22000.120_none_9d947278b86cc467;C:\Program Files\Android\Android Studio\jbr\bin\server;C:\Users\ThinkPad T470\.gradle\native\c067742578af261105cb4f569cf0c3c89f3d7b1fecec35dd04571415982c5e48\windows-amd64;C:\Users\ThinkPad T470\.gradle\native\100fb08df4bc3b14c8652ba06237920a3bd2aa13389f12d3474272988ae205f9\windows-amd64;C:\Temp\native-platform3329239403138814887dir

VM Arguments:
jvm_args: --add-opens=java.base/java.util=ALL-UNNAMED --add-opens=java.base/java.lang=ALL-UNNAMED --add-opens=java.base/java.lang.invoke=ALL-UNNAMED --add-opens=java.prefs/java.util.prefs=ALL-UNNAMED --add-exports=jdk.compiler/com.sun.tools.javac.api=ALL-UNNAMED --add-exports=jdk.compiler/com.sun.tools.javac.util=ALL-UNNAMED --add-opens=java.base/java.nio.charset=ALL-UNNAMED --add-opens=java.base/java.net=ALL-UNNAMED --add-opens=java.base/java.util.concurrent.atomic=ALL-UNNAMED -Xmx2048m -Dfile.encoding=UTF-8 -Duser.country=RU -Duser.language=ru -Duser.variant -javaagent:C:\Users\ThinkPad T470\.gradle\wrapper\dists\gradle-8.9-bin\90cnw93cvbtalezasaz0blq0a\gradle-8.9\lib\agents\gradle-instrumentation-agent-8.9.jar 
java_command: org.gradle.launcher.daemon.bootstrap.GradleDaemon 8.9
java_class_path (initial): C:\Users\ThinkPad T470\.gradle\wrapper\dists\gradle-8.9-bin\90cnw93cvbtalezasaz0blq0a\gradle-8.9\lib\gradle-daemon-main-8.9.jar
Launcher Type: SUN_STANDARD

[Global flags]
     intx CICompilerCount                          = 3                                         {product} {ergonomic}
     uint ConcGCThreads                            = 1                                         {product} {ergonomic}
     uint G1ConcRefinementThreads                  = 4                                         {product} {ergonomic}
   size_t G1HeapRegionSize                         = 1048576                                   {product} {ergonomic}
    uintx GCDrainStackTargetSize                   = 64                                        {product} {ergonomic}
   size_t InitialHeapSize                          = 266338304                                 {product} {ergonomic}
   size_t MarkStackSize                            = 4194304                                   {product} {ergonomic}
   size_t MaxHeapSize                              = 2147483648                                {product} {command line}
   size_t MaxNewSize                               = 1287651328                                {product} {ergonomic}
   size_t MinHeapDeltaBytes                        = 1048576                                   {product} {ergonomic}
   size_t MinHeapSize                              = 8388608                                   {product} {ergonomic}
    uintx NonNMethodCodeHeapSize                   = 5832780                                {pd product} {ergonomic}
    uintx NonProfiledCodeHeapSize                  = 122912730                              {pd product} {ergonomic}
    uintx ProfiledCodeHeapSize                     = 122912730                              {pd product} {ergonomic}
    uintx ReservedCodeCacheSize                    = 251658240                              {pd product} {ergonomic}
     bool SegmentedCodeCache                       = true                                      {product} {ergonomic}
   size_t SoftMaxHeapSize                          = 2147483648                             {manageable} {ergonomic}
     bool UseCompressedOops                        = true                           {product lp64_product} {ergonomic}
     bool UseG1GC                                  = true                                      {product} {ergonomic}
     bool UseLargePagesIndividualAllocation        = false                                  {pd product} {ergonomic}

Logging:
Log output configuration:
 #0: stdout all=warning uptime,level,tags foldmultilines=false
 #1: stderr all=off uptime,level,tags foldmultilines=false

Environment Variables:
JAVA_HOME=C:\Program Files\Java\jdk-22
PATH=C:\Program Files\Common Files\Oracle\Java\javapath;C:\Windows\system32;C:\Windows;C:\Windows\System32\Wbem;C:\Windows\System32\WindowsPowerShell\v1.0\;C:\Program Files (x86)\dotnet\;c:\Program Files (x86)\Intel\Intel(R) Management Engine Components\DAL;c:\Program Files\Intel\Intel(R) Management Engine Components\DAL;C:\Program Files\Git\cmd;C:\Users\ThinkPad T470\AppData\Local\Programs\Python\Python311\Scripts\;C:\Users\ThinkPad T470\AppData\Local\Programs\Python\Python311\;C:\Users\ThinkPad T470\AppData\Local\Programs\Python\Launcher\;C:\Users\ThinkPad T470\AppData\Local\Microsoft\WindowsApps;;C:\Program Files\JetBrains\IntelliJ IDEA Community Edition 2024.2.4\bin;
USERNAME=ThinkPad T470
OS=Windows_NT
PROCESSOR_IDENTIFIER=Intel64 Family 6 Model 78 Stepping 3, GenuineIntel
TMP=C:\Temp
TEMP=C:\Temp




Periodic native trim disabled

JNI global refs:
JNI global refs: 29, weak refs: 1

JNI global refs memory usage: 835, weak refs: 833

Process memory usage:
Resident Set Size: 700812K (4% of 16612960K total physical memory with 1895692K free physical memory)

OOME stack traces (most recent first):
Classloader memory used:
Loader org.gradle.internal.classloader.VisitableURLClassLoader                         : 44102K
Loader org.gradle.internal.classloader.VisitableURLClassLoader$InstrumentingVisitableURLClassLoader: 39958K
Loader bootstrap                                                                       : 30882K
Loader java.net.URLClassLoader                                                         : 30476K
Loader org.gradle.initialization.MixInLegacyTypesClassLoader                           : 12034K
Loader jdk.internal.loader.ClassLoaders$AppClassLoader                                 : 8133K
Loader jdk.internal.loader.ClassLoaders$PlatformClassLoader                            : 867K
Loader jdk.internal.reflect.DelegatingClassLoader                                      : 735K
Loader org.gradle.internal.classloader.VisitableURLClassLoader                         : 218K
Loader sun.reflect.misc.MethodUtil                                                     : 2960B


[error occurred during error reporting (Classloader stats), id 0xe0000001, Out of Memory Error (s\src\hotspot\share\memory\arena.cpp:168)]
---------------  S Y S T E M  ---------------

OS:
 Windows 11 , 64 bit Build 22000 (10.0.22000.675)
OS uptime: 10 days 4:05 hours

CPU: total 4 (initial active 4) (2 cores per cpu, 2 threads per core) family 6 model 78 stepping 3 microcode 0xec, cx8, cmov, fxsr, ht, mmx, 3dnowpref, sse, sse2, sse3, ssse3, sse4.1, sse4.2, popcnt, lzcnt, tsc, tscinvbit, avx, avx2, aes, erms, clmul, bmi1, bmi2, rtm, adx, fma, vzeroupper, clflush, clflushopt, rdtscp, f16c
Processor Information for all 4 processors :
  Max Mhz: 2496, Current Mhz: 2396, Mhz Limit: 2396

Memory: 4k page, system-wide physical 16223M (1851M free)
TotalPageFile size 16239M (AvailPageFile size 5M)
current process WorkingSet (physical memory assigned to process): 684M, peak: 717M
current process commit charge ("private bytes"): 715M, peak: 745M

vm_info: OpenJDK 64-Bit Server VM (21.0.3+-12282718-b509.11) for windows-amd64 JRE (21.0.3+-12282718-b509.11), built on 2024-08-27T17:34:15Z by "builder" with MS VC++ 16.10 / 16.11 (VS2019)

END.
